The system is: Linux - 5.15.0-134-generic - x86_64
Compiling the C compiler identification source file "CMakeCCompilerId.c" succeeded.
Compiler: /usr/bin/cc 
Build flags: 
Id flags:  

The output was:
0


Compilation of the C compiler identification source "CMakeCCompilerId.c" produced "a.out"

The C compiler identification is GNU, found in "/home/yuaii/ollvm/llvm-project-9.0.1/llvm/cmake-build-release/CMakeFiles/3.23.2/CompilerIdC/a.out"

Compiling the CXX compiler identification source file "CMakeCXXCompilerId.cpp" succeeded.
Compiler: /usr/bin/c++ 
Build flags: 
Id flags:  

The output was:
0


Compilation of the CXX compiler identification source "CMakeCXXCompilerId.cpp" produced "a.out"

The CXX compiler identification is GNU, found in "/home/yuaii/ollvm/llvm-project-9.0.1/llvm/cmake-build-release/CMakeFiles/3.23.2/CompilerIdCXX/a.out"

Checking whether the ASM compiler is GNU using "--version" matched "(GNU assembler)|(GCC)|(Free Software Foundation)":
cc (Ubuntu 9.4.0-1ubuntu1~20.04.2) 9.4.0
Copyright (C) 2019 Free Software Foundation, Inc.
This is free software; see the source for copying conditions.  There is NO
warranty; not even for MERCHANTABILITY or FITNESS FOR A PARTICULAR PURPOSE.

Detecting C compiler ABI info compiled with the following output:
Change Dir: /home/yuaii/ollvm/llvm-project-9.0.1/llvm/cmake-build-release/CMakeFiles/CMakeTmp

Run Build Command(s):/home/yuaii/clion-2022.2.4/bin/ninja/linux/ninja cmTC_1635e && [1/2] Building C object CMakeFiles/cmTC_1635e.dir/CMakeCCompilerABI.c.o
Using built-in specs.
COLLECT_GCC=/usr/bin/cc
OFFLOAD_TARGET_NAMES=nvptx-none:hsa
OFFLOAD_TARGET_DEFAULT=1
Target: x86_64-linux-gnu
Configured with: ../src/configure -v --with-pkgversion='Ubuntu 9.4.0-1ubuntu1~20.04.2' --with-bugurl=file:///usr/share/doc/gcc-9/README.Bugs --enable-languages=c,ada,c++,go,brig,d,fortran,objc,obj-c++,gm2 --prefix=/usr --with-gcc-major-version-only --program-suffix=-9 --program-prefix=x86_64-linux-gnu- --enable-shared --enable-linker-build-id --libexecdir=/usr/lib --without-included-gettext --enable-threads=posix --libdir=/usr/lib --enable-nls --enable-clocale=gnu --enable-libstdcxx-debug --enable-libstdcxx-time=yes --with-default-libstdcxx-abi=new --enable-gnu-unique-object --disable-vtable-verify --enable-plugin --enable-default-pie --with-system-zlib --with-target-system-zlib=auto --enable-objc-gc=auto --enable-multiarch --disable-werror --with-arch-32=i686 --with-abi=m64 --with-multilib-list=m32,m64,mx32 --enable-multilib --with-tune=generic --enable-offload-targets=nvptx-none=/build/gcc-9-9QDOt0/gcc-9-9.4.0/debian/tmp-nvptx/usr,hsa --without-cuda-driver --enable-checking=release --build=x86_64-linux-gnu --host=x86_64-linux-gnu --target=x86_64-linux-gnu
Thread model: posix
gcc version 9.4.0 (Ubuntu 9.4.0-1ubuntu1~20.04.2) 
COLLECT_GCC_OPTIONS='-v' '-o' 'CMakeFiles/cmTC_1635e.dir/CMakeCCompilerABI.c.o' '-c' '-mtune=generic' '-march=x86-64'
 /usr/lib/gcc/x86_64-linux-gnu/9/cc1 -quiet -v -imultiarch x86_64-linux-gnu /home/yuaii/clion-2022.2.4/bin/cmake/linux/share/cmake-3.23/Modules/CMakeCCompilerABI.c -quiet -dumpbase CMakeCCompilerABI.c -mtune=generic -march=x86-64 -auxbase-strip CMakeFiles/cmTC_1635e.dir/CMakeCCompilerABI.c.o -version -fasynchronous-unwind-tables -fstack-protector-strong -Wformat -Wformat-security -fstack-clash-protection -fcf-protection -o /tmp/ccI653RN.s
GNU C17 (Ubuntu 9.4.0-1ubuntu1~20.04.2) version 9.4.0 (x86_64-linux-gnu)
	compiled by GNU C version 9.4.0, GMP version 6.2.0, MPFR version 4.0.2, MPC version 1.1.0, isl version isl-0.22.1-GMP

GGC heuristics: --param ggc-min-expand=100 --param ggc-min-heapsize=131072
ignoring nonexistent directory "/usr/local/include/x86_64-linux-gnu"
ignoring nonexistent directory "/usr/lib/gcc/x86_64-linux-gnu/9/include-fixed"
ignoring nonexistent directory "/usr/lib/gcc/x86_64-linux-gnu/9/../../../../x86_64-linux-gnu/include"
#include "..." search starts here:
#include <...> search starts here:
 /usr/lib/gcc/x86_64-linux-gnu/9/include
 /usr/local/include
 /usr/include/x86_64-linux-gnu
 /usr/include
End of search list.
GNU C17 (Ubuntu 9.4.0-1ubuntu1~20.04.2) version 9.4.0 (x86_64-linux-gnu)
	compiled by GNU C version 9.4.0, GMP version 6.2.0, MPFR version 4.0.2, MPC version 1.1.0, isl version isl-0.22.1-GMP

GGC heuristics: --param ggc-min-expand=100 --param ggc-min-heapsize=131072
Compiler executable checksum: 01da938ff5dc2163489aa33cb3b747a7
COLLECT_GCC_OPTIONS='-v' '-o' 'CMakeFiles/cmTC_1635e.dir/CMakeCCompilerABI.c.o' '-c' '-mtune=generic' '-march=x86-64'
 as -v --64 -o CMakeFiles/cmTC_1635e.dir/CMakeCCompilerABI.c.o /tmp/ccI653RN.s
GNU assembler version 2.34 (x86_64-linux-gnu) using BFD version (GNU Binutils for Ubuntu) 2.34
COMPILER_PATH=/usr/lib/gcc/x86_64-linux-gnu/9/:/usr/lib/gcc/x86_64-linux-gnu/9/:/usr/lib/gcc/x86_64-linux-gnu/:/usr/lib/gcc/x86_64-linux-gnu/9/:/usr/lib/gcc/x86_64-linux-gnu/
LIBRARY_PATH=/usr/lib/gcc/x86_64-linux-gnu/9/:/usr/lib/gcc/x86_64-linux-gnu/9/../../../x86_64-linux-gnu/:/usr/lib/gcc/x86_64-linux-gnu/9/../../../../lib/:/lib/x86_64-linux-gnu/:/lib/../lib/:/usr/lib/x86_64-linux-gnu/:/usr/lib/../lib/:/usr/lib/gcc/x86_64-linux-gnu/9/../../../:/lib/:/usr/lib/
COLLECT_GCC_OPTIONS='-v' '-o' 'CMakeFiles/cmTC_1635e.dir/CMakeCCompilerABI.c.o' '-c' '-mtune=generic' '-march=x86-64'
[2/2] Linking C executable cmTC_1635e
Using built-in specs.
COLLECT_GCC=/usr/bin/cc
COLLECT_LTO_WRAPPER=/usr/lib/gcc/x86_64-linux-gnu/9/lto-wrapper
OFFLOAD_TARGET_NAMES=nvptx-none:hsa
OFFLOAD_TARGET_DEFAULT=1
Target: x86_64-linux-gnu
Configured with: ../src/configure -v --with-pkgversion='Ubuntu 9.4.0-1ubuntu1~20.04.2' --with-bugurl=file:///usr/share/doc/gcc-9/README.Bugs --enable-languages=c,ada,c++,go,brig,d,fortran,objc,obj-c++,gm2 --prefix=/usr --with-gcc-major-version-only --program-suffix=-9 --program-prefix=x86_64-linux-gnu- --enable-shared --enable-linker-build-id --libexecdir=/usr/lib --without-included-gettext --enable-threads=posix --libdir=/usr/lib --enable-nls --enable-clocale=gnu --enable-libstdcxx-debug --enable-libstdcxx-time=yes --with-default-libstdcxx-abi=new --enable-gnu-unique-object --disable-vtable-verify --enable-plugin --enable-default-pie --with-system-zlib --with-target-system-zlib=auto --enable-objc-gc=auto --enable-multiarch --disable-werror --with-arch-32=i686 --with-abi=m64 --with-multilib-list=m32,m64,mx32 --enable-multilib --with-tune=generic --enable-offload-targets=nvptx-none=/build/gcc-9-9QDOt0/gcc-9-9.4.0/debian/tmp-nvptx/usr,hsa --without-cuda-driver --enable-checking=release --build=x86_64-linux-gnu --host=x86_64-linux-gnu --target=x86_64-linux-gnu
Thread model: posix
gcc version 9.4.0 (Ubuntu 9.4.0-1ubuntu1~20.04.2) 
COMPILER_PATH=/usr/lib/gcc/x86_64-linux-gnu/9/:/usr/lib/gcc/x86_64-linux-gnu/9/:/usr/lib/gcc/x86_64-linux-gnu/:/usr/lib/gcc/x86_64-linux-gnu/9/:/usr/lib/gcc/x86_64-linux-gnu/
LIBRARY_PATH=/usr/lib/gcc/x86_64-linux-gnu/9/:/usr/lib/gcc/x86_64-linux-gnu/9/../../../x86_64-linux-gnu/:/usr/lib/gcc/x86_64-linux-gnu/9/../../../../lib/:/lib/x86_64-linux-gnu/:/lib/../lib/:/usr/lib/x86_64-linux-gnu/:/usr/lib/../lib/:/usr/lib/gcc/x86_64-linux-gnu/9/../../../:/lib/:/usr/lib/
COLLECT_GCC_OPTIONS='-v' '-o' 'cmTC_1635e' '-mtune=generic' '-march=x86-64'
 /usr/lib/gcc/x86_64-linux-gnu/9/collect2 -plugin /usr/lib/gcc/x86_64-linux-gnu/9/liblto_plugin.so -plugin-opt=/usr/lib/gcc/x86_64-linux-gnu/9/lto-wrapper -plugin-opt=-fresolution=/tmp/ccAZLsmn.res -plugin-opt=-pass-through=-lgcc -plugin-opt=-pass-through=-lgcc_s -plugin-opt=-pass-through=-lc -plugin-opt=-pass-through=-lgcc -plugin-opt=-pass-through=-lgcc_s --build-id --eh-frame-hdr -m elf_x86_64 --hash-style=gnu --as-needed -dynamic-linker /lib64/ld-linux-x86-64.so.2 -pie -z now -z relro -o cmTC_1635e /usr/lib/gcc/x86_64-linux-gnu/9/../../../x86_64-linux-gnu/Scrt1.o /usr/lib/gcc/x86_64-linux-gnu/9/../../../x86_64-linux-gnu/crti.o /usr/lib/gcc/x86_64-linux-gnu/9/crtbeginS.o -L/usr/lib/gcc/x86_64-linux-gnu/9 -L/usr/lib/gcc/x86_64-linux-gnu/9/../../../x86_64-linux-gnu -L/usr/lib/gcc/x86_64-linux-gnu/9/../../../../lib -L/lib/x86_64-linux-gnu -L/lib/../lib -L/usr/lib/x86_64-linux-gnu -L/usr/lib/../lib -L/usr/lib/gcc/x86_64-linux-gnu/9/../../.. CMakeFiles/cmTC_1635e.dir/CMakeCCompilerABI.c.o -lgcc --push-state --as-needed -lgcc_s --pop-state -lc -lgcc --push-state --as-needed -lgcc_s --pop-state /usr/lib/gcc/x86_64-linux-gnu/9/crtendS.o /usr/lib/gcc/x86_64-linux-gnu/9/../../../x86_64-linux-gnu/crtn.o
COLLECT_GCC_OPTIONS='-v' '-o' 'cmTC_1635e' '-mtune=generic' '-march=x86-64'



Parsed C implicit include dir info from above output: rv=done
  found start of include info
  found start of implicit include info
    add: [/usr/lib/gcc/x86_64-linux-gnu/9/include]
    add: [/usr/local/include]
    add: [/usr/include/x86_64-linux-gnu]
    add: [/usr/include]
  end of search list found
  collapse include dir [/usr/lib/gcc/x86_64-linux-gnu/9/include] ==> [/usr/lib/gcc/x86_64-linux-gnu/9/include]
  collapse include dir [/usr/local/include] ==> [/usr/local/include]
  collapse include dir [/usr/include/x86_64-linux-gnu] ==> [/usr/include/x86_64-linux-gnu]
  collapse include dir [/usr/include] ==> [/usr/include]
  implicit include dirs: [/usr/lib/gcc/x86_64-linux-gnu/9/include;/usr/local/include;/usr/include/x86_64-linux-gnu;/usr/include]


Parsed C implicit link information from above output:
  link line regex: [^( *|.*[/\])(ld|CMAKE_LINK_STARTFILE-NOTFOUND|([^/\]+-)?ld|collect2)[^/\]*( |$)]
  ignore line: [Change Dir: /home/yuaii/ollvm/llvm-project-9.0.1/llvm/cmake-build-release/CMakeFiles/CMakeTmp]
  ignore line: []
  ignore line: [Run Build Command(s):/home/yuaii/clion-2022.2.4/bin/ninja/linux/ninja cmTC_1635e && [1/2] Building C object CMakeFiles/cmTC_1635e.dir/CMakeCCompilerABI.c.o]
  ignore line: [Using built-in specs.]
  ignore line: [COLLECT_GCC=/usr/bin/cc]
  ignore line: [OFFLOAD_TARGET_NAMES=nvptx-none:hsa]
  ignore line: [OFFLOAD_TARGET_DEFAULT=1]
  ignore line: [Target: x86_64-linux-gnu]
  ignore line: [Configured with: ../src/configure -v --with-pkgversion='Ubuntu 9.4.0-1ubuntu1~20.04.2' --with-bugurl=file:///usr/share/doc/gcc-9/README.Bugs --enable-languages=c ada c++ go brig d fortran objc obj-c++ gm2 --prefix=/usr --with-gcc-major-version-only --program-suffix=-9 --program-prefix=x86_64-linux-gnu- --enable-shared --enable-linker-build-id --libexecdir=/usr/lib --without-included-gettext --enable-threads=posix --libdir=/usr/lib --enable-nls --enable-clocale=gnu --enable-libstdcxx-debug --enable-libstdcxx-time=yes --with-default-libstdcxx-abi=new --enable-gnu-unique-object --disable-vtable-verify --enable-plugin --enable-default-pie --with-system-zlib --with-target-system-zlib=auto --enable-objc-gc=auto --enable-multiarch --disable-werror --with-arch-32=i686 --with-abi=m64 --with-multilib-list=m32 m64 mx32 --enable-multilib --with-tune=generic --enable-offload-targets=nvptx-none=/build/gcc-9-9QDOt0/gcc-9-9.4.0/debian/tmp-nvptx/usr hsa --without-cuda-driver --enable-checking=release --build=x86_64-linux-gnu --host=x86_64-linux-gnu --target=x86_64-linux-gnu]
  ignore line: [Thread model: posix]
  ignore line: [gcc version 9.4.0 (Ubuntu 9.4.0-1ubuntu1~20.04.2) ]
  ignore line: [COLLECT_GCC_OPTIONS='-v' '-o' 'CMakeFiles/cmTC_1635e.dir/CMakeCCompilerABI.c.o' '-c' '-mtune=generic' '-march=x86-64']
  ignore line: [ /usr/lib/gcc/x86_64-linux-gnu/9/cc1 -quiet -v -imultiarch x86_64-linux-gnu /home/yuaii/clion-2022.2.4/bin/cmake/linux/share/cmake-3.23/Modules/CMakeCCompilerABI.c -quiet -dumpbase CMakeCCompilerABI.c -mtune=generic -march=x86-64 -auxbase-strip CMakeFiles/cmTC_1635e.dir/CMakeCCompilerABI.c.o -version -fasynchronous-unwind-tables -fstack-protector-strong -Wformat -Wformat-security -fstack-clash-protection -fcf-protection -o /tmp/ccI653RN.s]
  ignore line: [GNU C17 (Ubuntu 9.4.0-1ubuntu1~20.04.2) version 9.4.0 (x86_64-linux-gnu)]
  ignore line: [	compiled by GNU C version 9.4.0  GMP version 6.2.0  MPFR version 4.0.2  MPC version 1.1.0  isl version isl-0.22.1-GMP]
  ignore line: []
  ignore line: [GGC heuristics: --param ggc-min-expand=100 --param ggc-min-heapsize=131072]
  ignore line: [ignoring nonexistent directory "/usr/local/include/x86_64-linux-gnu"]
  ignore line: [ignoring nonexistent directory "/usr/lib/gcc/x86_64-linux-gnu/9/include-fixed"]
  ignore line: [ignoring nonexistent directory "/usr/lib/gcc/x86_64-linux-gnu/9/../../../../x86_64-linux-gnu/include"]
  ignore line: [#include "..." search starts here:]
  ignore line: [#include <...> search starts here:]
  ignore line: [ /usr/lib/gcc/x86_64-linux-gnu/9/include]
  ignore line: [ /usr/local/include]
  ignore line: [ /usr/include/x86_64-linux-gnu]
  ignore line: [ /usr/include]
  ignore line: [End of search list.]
  ignore line: [GNU C17 (Ubuntu 9.4.0-1ubuntu1~20.04.2) version 9.4.0 (x86_64-linux-gnu)]
  ignore line: [	compiled by GNU C version 9.4.0  GMP version 6.2.0  MPFR version 4.0.2  MPC version 1.1.0  isl version isl-0.22.1-GMP]
  ignore line: []
  ignore line: [GGC heuristics: --param ggc-min-expand=100 --param ggc-min-heapsize=131072]
  ignore line: [Compiler executable checksum: 01da938ff5dc2163489aa33cb3b747a7]
  ignore line: [COLLECT_GCC_OPTIONS='-v' '-o' 'CMakeFiles/cmTC_1635e.dir/CMakeCCompilerABI.c.o' '-c' '-mtune=generic' '-march=x86-64']
  ignore line: [ as -v --64 -o CMakeFiles/cmTC_1635e.dir/CMakeCCompilerABI.c.o /tmp/ccI653RN.s]
  ignore line: [GNU assembler version 2.34 (x86_64-linux-gnu) using BFD version (GNU Binutils for Ubuntu) 2.34]
  ignore line: [COMPILER_PATH=/usr/lib/gcc/x86_64-linux-gnu/9/:/usr/lib/gcc/x86_64-linux-gnu/9/:/usr/lib/gcc/x86_64-linux-gnu/:/usr/lib/gcc/x86_64-linux-gnu/9/:/usr/lib/gcc/x86_64-linux-gnu/]
  ignore line: [LIBRARY_PATH=/usr/lib/gcc/x86_64-linux-gnu/9/:/usr/lib/gcc/x86_64-linux-gnu/9/../../../x86_64-linux-gnu/:/usr/lib/gcc/x86_64-linux-gnu/9/../../../../lib/:/lib/x86_64-linux-gnu/:/lib/../lib/:/usr/lib/x86_64-linux-gnu/:/usr/lib/../lib/:/usr/lib/gcc/x86_64-linux-gnu/9/../../../:/lib/:/usr/lib/]
  ignore line: [COLLECT_GCC_OPTIONS='-v' '-o' 'CMakeFiles/cmTC_1635e.dir/CMakeCCompilerABI.c.o' '-c' '-mtune=generic' '-march=x86-64']
  ignore line: [[2/2] Linking C executable cmTC_1635e]
  ignore line: [Using built-in specs.]
  ignore line: [COLLECT_GCC=/usr/bin/cc]
  ignore line: [COLLECT_LTO_WRAPPER=/usr/lib/gcc/x86_64-linux-gnu/9/lto-wrapper]
  ignore line: [OFFLOAD_TARGET_NAMES=nvptx-none:hsa]
  ignore line: [OFFLOAD_TARGET_DEFAULT=1]
  ignore line: [Target: x86_64-linux-gnu]
  ignore line: [Configured with: ../src/configure -v --with-pkgversion='Ubuntu 9.4.0-1ubuntu1~20.04.2' --with-bugurl=file:///usr/share/doc/gcc-9/README.Bugs --enable-languages=c ada c++ go brig d fortran objc obj-c++ gm2 --prefix=/usr --with-gcc-major-version-only --program-suffix=-9 --program-prefix=x86_64-linux-gnu- --enable-shared --enable-linker-build-id --libexecdir=/usr/lib --without-included-gettext --enable-threads=posix --libdir=/usr/lib --enable-nls --enable-clocale=gnu --enable-libstdcxx-debug --enable-libstdcxx-time=yes --with-default-libstdcxx-abi=new --enable-gnu-unique-object --disable-vtable-verify --enable-plugin --enable-default-pie --with-system-zlib --with-target-system-zlib=auto --enable-objc-gc=auto --enable-multiarch --disable-werror --with-arch-32=i686 --with-abi=m64 --with-multilib-list=m32 m64 mx32 --enable-multilib --with-tune=generic --enable-offload-targets=nvptx-none=/build/gcc-9-9QDOt0/gcc-9-9.4.0/debian/tmp-nvptx/usr hsa --without-cuda-driver --enable-checking=release --build=x86_64-linux-gnu --host=x86_64-linux-gnu --target=x86_64-linux-gnu]
  ignore line: [Thread model: posix]
  ignore line: [gcc version 9.4.0 (Ubuntu 9.4.0-1ubuntu1~20.04.2) ]
  ignore line: [COMPILER_PATH=/usr/lib/gcc/x86_64-linux-gnu/9/:/usr/lib/gcc/x86_64-linux-gnu/9/:/usr/lib/gcc/x86_64-linux-gnu/:/usr/lib/gcc/x86_64-linux-gnu/9/:/usr/lib/gcc/x86_64-linux-gnu/]
  ignore line: [LIBRARY_PATH=/usr/lib/gcc/x86_64-linux-gnu/9/:/usr/lib/gcc/x86_64-linux-gnu/9/../../../x86_64-linux-gnu/:/usr/lib/gcc/x86_64-linux-gnu/9/../../../../lib/:/lib/x86_64-linux-gnu/:/lib/../lib/:/usr/lib/x86_64-linux-gnu/:/usr/lib/../lib/:/usr/lib/gcc/x86_64-linux-gnu/9/../../../:/lib/:/usr/lib/]
  ignore line: [COLLECT_GCC_OPTIONS='-v' '-o' 'cmTC_1635e' '-mtune=generic' '-march=x86-64']
  link line: [ /usr/lib/gcc/x86_64-linux-gnu/9/collect2 -plugin /usr/lib/gcc/x86_64-linux-gnu/9/liblto_plugin.so -plugin-opt=/usr/lib/gcc/x86_64-linux-gnu/9/lto-wrapper -plugin-opt=-fresolution=/tmp/ccAZLsmn.res -plugin-opt=-pass-through=-lgcc -plugin-opt=-pass-through=-lgcc_s -plugin-opt=-pass-through=-lc -plugin-opt=-pass-through=-lgcc -plugin-opt=-pass-through=-lgcc_s --build-id --eh-frame-hdr -m elf_x86_64 --hash-style=gnu --as-needed -dynamic-linker /lib64/ld-linux-x86-64.so.2 -pie -z now -z relro -o cmTC_1635e /usr/lib/gcc/x86_64-linux-gnu/9/../../../x86_64-linux-gnu/Scrt1.o /usr/lib/gcc/x86_64-linux-gnu/9/../../../x86_64-linux-gnu/crti.o /usr/lib/gcc/x86_64-linux-gnu/9/crtbeginS.o -L/usr/lib/gcc/x86_64-linux-gnu/9 -L/usr/lib/gcc/x86_64-linux-gnu/9/../../../x86_64-linux-gnu -L/usr/lib/gcc/x86_64-linux-gnu/9/../../../../lib -L/lib/x86_64-linux-gnu -L/lib/../lib -L/usr/lib/x86_64-linux-gnu -L/usr/lib/../lib -L/usr/lib/gcc/x86_64-linux-gnu/9/../../.. CMakeFiles/cmTC_1635e.dir/CMakeCCompilerABI.c.o -lgcc --push-state --as-needed -lgcc_s --pop-state -lc -lgcc --push-state --as-needed -lgcc_s --pop-state /usr/lib/gcc/x86_64-linux-gnu/9/crtendS.o /usr/lib/gcc/x86_64-linux-gnu/9/../../../x86_64-linux-gnu/crtn.o]
    arg [/usr/lib/gcc/x86_64-linux-gnu/9/collect2] ==> ignore
    arg [-plugin] ==> ignore
    arg [/usr/lib/gcc/x86_64-linux-gnu/9/liblto_plugin.so] ==> ignore
    arg [-plugin-opt=/usr/lib/gcc/x86_64-linux-gnu/9/lto-wrapper] ==> ignore
    arg [-plugin-opt=-fresolution=/tmp/ccAZLsmn.res] ==> ignore
    arg [-plugin-opt=-pass-through=-lgcc] ==> ignore
    arg [-plugin-opt=-pass-through=-lgcc_s] ==> ignore
    arg [-plugin-opt=-pass-through=-lc] ==> ignore
    arg [-plugin-opt=-pass-through=-lgcc] ==> ignore
    arg [-plugin-opt=-pass-through=-lgcc_s] ==> ignore
    arg [--build-id] ==> ignore
    arg [--eh-frame-hdr] ==> ignore
    arg [-m] ==> ignore
    arg [elf_x86_64] ==> ignore
    arg [--hash-style=gnu] ==> ignore
    arg [--as-needed] ==> ignore
    arg [-dynamic-linker] ==> ignore
    arg [/lib64/ld-linux-x86-64.so.2] ==> ignore
    arg [-pie] ==> ignore
    arg [-znow] ==> ignore
    arg [-zrelro] ==> ignore
    arg [-o] ==> ignore
    arg [cmTC_1635e] ==> ignore
    arg [/usr/lib/gcc/x86_64-linux-gnu/9/../../../x86_64-linux-gnu/Scrt1.o] ==> obj [/usr/lib/gcc/x86_64-linux-gnu/9/../../../x86_64-linux-gnu/Scrt1.o]
    arg [/usr/lib/gcc/x86_64-linux-gnu/9/../../../x86_64-linux-gnu/crti.o] ==> obj [/usr/lib/gcc/x86_64-linux-gnu/9/../../../x86_64-linux-gnu/crti.o]
    arg [/usr/lib/gcc/x86_64-linux-gnu/9/crtbeginS.o] ==> obj [/usr/lib/gcc/x86_64-linux-gnu/9/crtbeginS.o]
    arg [-L/usr/lib/gcc/x86_64-linux-gnu/9] ==> dir [/usr/lib/gcc/x86_64-linux-gnu/9]
    arg [-L/usr/lib/gcc/x86_64-linux-gnu/9/../../../x86_64-linux-gnu] ==> dir [/usr/lib/gcc/x86_64-linux-gnu/9/../../../x86_64-linux-gnu]
    arg [-L/usr/lib/gcc/x86_64-linux-gnu/9/../../../../lib] ==> dir [/usr/lib/gcc/x86_64-linux-gnu/9/../../../../lib]
    arg [-L/lib/x86_64-linux-gnu] ==> dir [/lib/x86_64-linux-gnu]
    arg [-L/lib/../lib] ==> dir [/lib/../lib]
    arg [-L/usr/lib/x86_64-linux-gnu] ==> dir [/usr/lib/x86_64-linux-gnu]
    arg [-L/usr/lib/../lib] ==> dir [/usr/lib/../lib]
    arg [-L/usr/lib/gcc/x86_64-linux-gnu/9/../../..] ==> dir [/usr/lib/gcc/x86_64-linux-gnu/9/../../..]
    arg [CMakeFiles/cmTC_1635e.dir/CMakeCCompilerABI.c.o] ==> ignore
    arg [-lgcc] ==> lib [gcc]
    arg [--push-state] ==> ignore
    arg [--as-needed] ==> ignore
    arg [-lgcc_s] ==> lib [gcc_s]
    arg [--pop-state] ==> ignore
    arg [-lc] ==> lib [c]
    arg [-lgcc] ==> lib [gcc]
    arg [--push-state] ==> ignore
    arg [--as-needed] ==> ignore
    arg [-lgcc_s] ==> lib [gcc_s]
    arg [--pop-state] ==> ignore
    arg [/usr/lib/gcc/x86_64-linux-gnu/9/crtendS.o] ==> obj [/usr/lib/gcc/x86_64-linux-gnu/9/crtendS.o]
    arg [/usr/lib/gcc/x86_64-linux-gnu/9/../../../x86_64-linux-gnu/crtn.o] ==> obj [/usr/lib/gcc/x86_64-linux-gnu/9/../../../x86_64-linux-gnu/crtn.o]
  collapse obj [/usr/lib/gcc/x86_64-linux-gnu/9/../../../x86_64-linux-gnu/Scrt1.o] ==> [/usr/lib/x86_64-linux-gnu/Scrt1.o]
  collapse obj [/usr/lib/gcc/x86_64-linux-gnu/9/../../../x86_64-linux-gnu/crti.o] ==> [/usr/lib/x86_64-linux-gnu/crti.o]
  collapse obj [/usr/lib/gcc/x86_64-linux-gnu/9/../../../x86_64-linux-gnu/crtn.o] ==> [/usr/lib/x86_64-linux-gnu/crtn.o]
  collapse library dir [/usr/lib/gcc/x86_64-linux-gnu/9] ==> [/usr/lib/gcc/x86_64-linux-gnu/9]
  collapse library dir [/usr/lib/gcc/x86_64-linux-gnu/9/../../../x86_64-linux-gnu] ==> [/usr/lib/x86_64-linux-gnu]
  collapse library dir [/usr/lib/gcc/x86_64-linux-gnu/9/../../../../lib] ==> [/usr/lib]
  collapse library dir [/lib/x86_64-linux-gnu] ==> [/lib/x86_64-linux-gnu]
  collapse library dir [/lib/../lib] ==> [/lib]
  collapse library dir [/usr/lib/x86_64-linux-gnu] ==> [/usr/lib/x86_64-linux-gnu]
  collapse library dir [/usr/lib/../lib] ==> [/usr/lib]
  collapse library dir [/usr/lib/gcc/x86_64-linux-gnu/9/../../..] ==> [/usr/lib]
  implicit libs: [gcc;gcc_s;c;gcc;gcc_s]
  implicit objs: [/usr/lib/x86_64-linux-gnu/Scrt1.o;/usr/lib/x86_64-linux-gnu/crti.o;/usr/lib/gcc/x86_64-linux-gnu/9/crtbeginS.o;/usr/lib/gcc/x86_64-linux-gnu/9/crtendS.o;/usr/lib/x86_64-linux-gnu/crtn.o]
  implicit dirs: [/usr/lib/gcc/x86_64-linux-gnu/9;/usr/lib/x86_64-linux-gnu;/usr/lib;/lib/x86_64-linux-gnu;/lib]
  implicit fwks: []


Detecting CXX compiler ABI info compiled with the following output:
Change Dir: /home/yuaii/ollvm/llvm-project-9.0.1/llvm/cmake-build-release/CMakeFiles/CMakeTmp

Run Build Command(s):/home/yuaii/clion-2022.2.4/bin/ninja/linux/ninja cmTC_01bc1 && [1/2] Building CXX object CMakeFiles/cmTC_01bc1.dir/CMakeCXXCompilerABI.cpp.o
Using built-in specs.
COLLECT_GCC=/usr/bin/c++
OFFLOAD_TARGET_NAMES=nvptx-none:hsa
OFFLOAD_TARGET_DEFAULT=1
Target: x86_64-linux-gnu
Configured with: ../src/configure -v --with-pkgversion='Ubuntu 9.4.0-1ubuntu1~20.04.2' --with-bugurl=file:///usr/share/doc/gcc-9/README.Bugs --enable-languages=c,ada,c++,go,brig,d,fortran,objc,obj-c++,gm2 --prefix=/usr --with-gcc-major-version-only --program-suffix=-9 --program-prefix=x86_64-linux-gnu- --enable-shared --enable-linker-build-id --libexecdir=/usr/lib --without-included-gettext --enable-threads=posix --libdir=/usr/lib --enable-nls --enable-clocale=gnu --enable-libstdcxx-debug --enable-libstdcxx-time=yes --with-default-libstdcxx-abi=new --enable-gnu-unique-object --disable-vtable-verify --enable-plugin --enable-default-pie --with-system-zlib --with-target-system-zlib=auto --enable-objc-gc=auto --enable-multiarch --disable-werror --with-arch-32=i686 --with-abi=m64 --with-multilib-list=m32,m64,mx32 --enable-multilib --with-tune=generic --enable-offload-targets=nvptx-none=/build/gcc-9-9QDOt0/gcc-9-9.4.0/debian/tmp-nvptx/usr,hsa --without-cuda-driver --enable-checking=release --build=x86_64-linux-gnu --host=x86_64-linux-gnu --target=x86_64-linux-gnu
Thread model: posix
gcc version 9.4.0 (Ubuntu 9.4.0-1ubuntu1~20.04.2) 
COLLECT_GCC_OPTIONS='-v' '-o' 'CMakeFiles/cmTC_01bc1.dir/CMakeCXXCompilerABI.cpp.o' '-c' '-shared-libgcc' '-mtune=generic' '-march=x86-64'
 /usr/lib/gcc/x86_64-linux-gnu/9/cc1plus -quiet -v -imultiarch x86_64-linux-gnu -D_GNU_SOURCE /home/yuaii/clion-2022.2.4/bin/cmake/linux/share/cmake-3.23/Modules/CMakeCXXCompilerABI.cpp -quiet -dumpbase CMakeCXXCompilerABI.cpp -mtune=generic -march=x86-64 -auxbase-strip CMakeFiles/cmTC_01bc1.dir/CMakeCXXCompilerABI.cpp.o -version -fasynchronous-unwind-tables -fstack-protector-strong -Wformat -Wformat-security -fstack-clash-protection -fcf-protection -o /tmp/ccPeVesA.s
GNU C++14 (Ubuntu 9.4.0-1ubuntu1~20.04.2) version 9.4.0 (x86_64-linux-gnu)
	compiled by GNU C version 9.4.0, GMP version 6.2.0, MPFR version 4.0.2, MPC version 1.1.0, isl version isl-0.22.1-GMP

GGC heuristics: --param ggc-min-expand=100 --param ggc-min-heapsize=131072
ignoring duplicate directory "/usr/include/x86_64-linux-gnu/c++/9"
ignoring nonexistent directory "/usr/local/include/x86_64-linux-gnu"
ignoring nonexistent directory "/usr/lib/gcc/x86_64-linux-gnu/9/include-fixed"
ignoring nonexistent directory "/usr/lib/gcc/x86_64-linux-gnu/9/../../../../x86_64-linux-gnu/include"
#include "..." search starts here:
#include <...> search starts here:
 /usr/include/c++/9
 /usr/include/x86_64-linux-gnu/c++/9
 /usr/include/c++/9/backward
 /usr/lib/gcc/x86_64-linux-gnu/9/include
 /usr/local/include
 /usr/include/x86_64-linux-gnu
 /usr/include
End of search list.
GNU C++14 (Ubuntu 9.4.0-1ubuntu1~20.04.2) version 9.4.0 (x86_64-linux-gnu)
	compiled by GNU C version 9.4.0, GMP version 6.2.0, MPFR version 4.0.2, MPC version 1.1.0, isl version isl-0.22.1-GMP

GGC heuristics: --param ggc-min-expand=100 --param ggc-min-heapsize=131072
Compiler executable checksum: 3d1eba838554fa2348dba760e4770469
COLLECT_GCC_OPTIONS='-v' '-o' 'CMakeFiles/cmTC_01bc1.dir/CMakeCXXCompilerABI.cpp.o' '-c' '-shared-libgcc' '-mtune=generic' '-march=x86-64'
 as -v --64 -o CMakeFiles/cmTC_01bc1.dir/CMakeCXXCompilerABI.cpp.o /tmp/ccPeVesA.s
GNU assembler version 2.34 (x86_64-linux-gnu) using BFD version (GNU Binutils for Ubuntu) 2.34
COMPILER_PATH=/usr/lib/gcc/x86_64-linux-gnu/9/:/usr/lib/gcc/x86_64-linux-gnu/9/:/usr/lib/gcc/x86_64-linux-gnu/:/usr/lib/gcc/x86_64-linux-gnu/9/:/usr/lib/gcc/x86_64-linux-gnu/
LIBRARY_PATH=/usr/lib/gcc/x86_64-linux-gnu/9/:/usr/lib/gcc/x86_64-linux-gnu/9/../../../x86_64-linux-gnu/:/usr/lib/gcc/x86_64-linux-gnu/9/../../../../lib/:/lib/x86_64-linux-gnu/:/lib/../lib/:/usr/lib/x86_64-linux-gnu/:/usr/lib/../lib/:/usr/lib/gcc/x86_64-linux-gnu/9/../../../:/lib/:/usr/lib/
COLLECT_GCC_OPTIONS='-v' '-o' 'CMakeFiles/cmTC_01bc1.dir/CMakeCXXCompilerABI.cpp.o' '-c' '-shared-libgcc' '-mtune=generic' '-march=x86-64'
[2/2] Linking CXX executable cmTC_01bc1
Using built-in specs.
COLLECT_GCC=/usr/bin/c++
COLLECT_LTO_WRAPPER=/usr/lib/gcc/x86_64-linux-gnu/9/lto-wrapper
OFFLOAD_TARGET_NAMES=nvptx-none:hsa
OFFLOAD_TARGET_DEFAULT=1
Target: x86_64-linux-gnu
Configured with: ../src/configure -v --with-pkgversion='Ubuntu 9.4.0-1ubuntu1~20.04.2' --with-bugurl=file:///usr/share/doc/gcc-9/README.Bugs --enable-languages=c,ada,c++,go,brig,d,fortran,objc,obj-c++,gm2 --prefix=/usr --with-gcc-major-version-only --program-suffix=-9 --program-prefix=x86_64-linux-gnu- --enable-shared --enable-linker-build-id --libexecdir=/usr/lib --without-included-gettext --enable-threads=posix --libdir=/usr/lib --enable-nls --enable-clocale=gnu --enable-libstdcxx-debug --enable-libstdcxx-time=yes --with-default-libstdcxx-abi=new --enable-gnu-unique-object --disable-vtable-verify --enable-plugin --enable-default-pie --with-system-zlib --with-target-system-zlib=auto --enable-objc-gc=auto --enable-multiarch --disable-werror --with-arch-32=i686 --with-abi=m64 --with-multilib-list=m32,m64,mx32 --enable-multilib --with-tune=generic --enable-offload-targets=nvptx-none=/build/gcc-9-9QDOt0/gcc-9-9.4.0/debian/tmp-nvptx/usr,hsa --without-cuda-driver --enable-checking=release --build=x86_64-linux-gnu --host=x86_64-linux-gnu --target=x86_64-linux-gnu
Thread model: posix
gcc version 9.4.0 (Ubuntu 9.4.0-1ubuntu1~20.04.2) 
COMPILER_PATH=/usr/lib/gcc/x86_64-linux-gnu/9/:/usr/lib/gcc/x86_64-linux-gnu/9/:/usr/lib/gcc/x86_64-linux-gnu/:/usr/lib/gcc/x86_64-linux-gnu/9/:/usr/lib/gcc/x86_64-linux-gnu/
LIBRARY_PATH=/usr/lib/gcc/x86_64-linux-gnu/9/:/usr/lib/gcc/x86_64-linux-gnu/9/../../../x86_64-linux-gnu/:/usr/lib/gcc/x86_64-linux-gnu/9/../../../../lib/:/lib/x86_64-linux-gnu/:/lib/../lib/:/usr/lib/x86_64-linux-gnu/:/usr/lib/../lib/:/usr/lib/gcc/x86_64-linux-gnu/9/../../../:/lib/:/usr/lib/
COLLECT_GCC_OPTIONS='-v' '-o' 'cmTC_01bc1' '-shared-libgcc' '-mtune=generic' '-march=x86-64'
 /usr/lib/gcc/x86_64-linux-gnu/9/collect2 -plugin /usr/lib/gcc/x86_64-linux-gnu/9/liblto_plugin.so -plugin-opt=/usr/lib/gcc/x86_64-linux-gnu/9/lto-wrapper -plugin-opt=-fresolution=/tmp/cc4jldCn.res -plugin-opt=-pass-through=-lgcc_s -plugin-opt=-pass-through=-lgcc -plugin-opt=-pass-through=-lc -plugin-opt=-pass-through=-lgcc_s -plugin-opt=-pass-through=-lgcc --build-id --eh-frame-hdr -m elf_x86_64 --hash-style=gnu --as-needed -dynamic-linker /lib64/ld-linux-x86-64.so.2 -pie -z now -z relro -o cmTC_01bc1 /usr/lib/gcc/x86_64-linux-gnu/9/../../../x86_64-linux-gnu/Scrt1.o /usr/lib/gcc/x86_64-linux-gnu/9/../../../x86_64-linux-gnu/crti.o /usr/lib/gcc/x86_64-linux-gnu/9/crtbeginS.o -L/usr/lib/gcc/x86_64-linux-gnu/9 -L/usr/lib/gcc/x86_64-linux-gnu/9/../../../x86_64-linux-gnu -L/usr/lib/gcc/x86_64-linux-gnu/9/../../../../lib -L/lib/x86_64-linux-gnu -L/lib/../lib -L/usr/lib/x86_64-linux-gnu -L/usr/lib/../lib -L/usr/lib/gcc/x86_64-linux-gnu/9/../../.. CMakeFiles/cmTC_01bc1.dir/CMakeCXXCompilerABI.cpp.o -lstdc++ -lm -lgcc_s -lgcc -lc -lgcc_s -lgcc /usr/lib/gcc/x86_64-linux-gnu/9/crtendS.o /usr/lib/gcc/x86_64-linux-gnu/9/../../../x86_64-linux-gnu/crtn.o
COLLECT_GCC_OPTIONS='-v' '-o' 'cmTC_01bc1' '-shared-libgcc' '-mtune=generic' '-march=x86-64'



Parsed CXX implicit include dir info from above output: rv=done
  found start of include info
  found start of implicit include info
    add: [/usr/include/c++/9]
    add: [/usr/include/x86_64-linux-gnu/c++/9]
    add: [/usr/include/c++/9/backward]
    add: [/usr/lib/gcc/x86_64-linux-gnu/9/include]
    add: [/usr/local/include]
    add: [/usr/include/x86_64-linux-gnu]
    add: [/usr/include]
  end of search list found
  collapse include dir [/usr/include/c++/9] ==> [/usr/include/c++/9]
  collapse include dir [/usr/include/x86_64-linux-gnu/c++/9] ==> [/usr/include/x86_64-linux-gnu/c++/9]
  collapse include dir [/usr/include/c++/9/backward] ==> [/usr/include/c++/9/backward]
  collapse include dir [/usr/lib/gcc/x86_64-linux-gnu/9/include] ==> [/usr/lib/gcc/x86_64-linux-gnu/9/include]
  collapse include dir [/usr/local/include] ==> [/usr/local/include]
  collapse include dir [/usr/include/x86_64-linux-gnu] ==> [/usr/include/x86_64-linux-gnu]
  collapse include dir [/usr/include] ==> [/usr/include]
  implicit include dirs: [/usr/include/c++/9;/usr/include/x86_64-linux-gnu/c++/9;/usr/include/c++/9/backward;/usr/lib/gcc/x86_64-linux-gnu/9/include;/usr/local/include;/usr/include/x86_64-linux-gnu;/usr/include]


Parsed CXX implicit link information from above output:
  link line regex: [^( *|.*[/\])(ld|CMAKE_LINK_STARTFILE-NOTFOUND|([^/\]+-)?ld|collect2)[^/\]*( |$)]
  ignore line: [Change Dir: /home/yuaii/ollvm/llvm-project-9.0.1/llvm/cmake-build-release/CMakeFiles/CMakeTmp]
  ignore line: []
  ignore line: [Run Build Command(s):/home/yuaii/clion-2022.2.4/bin/ninja/linux/ninja cmTC_01bc1 && [1/2] Building CXX object CMakeFiles/cmTC_01bc1.dir/CMakeCXXCompilerABI.cpp.o]
  ignore line: [Using built-in specs.]
  ignore line: [COLLECT_GCC=/usr/bin/c++]
  ignore line: [OFFLOAD_TARGET_NAMES=nvptx-none:hsa]
  ignore line: [OFFLOAD_TARGET_DEFAULT=1]
  ignore line: [Target: x86_64-linux-gnu]
  ignore line: [Configured with: ../src/configure -v --with-pkgversion='Ubuntu 9.4.0-1ubuntu1~20.04.2' --with-bugurl=file:///usr/share/doc/gcc-9/README.Bugs --enable-languages=c ada c++ go brig d fortran objc obj-c++ gm2 --prefix=/usr --with-gcc-major-version-only --program-suffix=-9 --program-prefix=x86_64-linux-gnu- --enable-shared --enable-linker-build-id --libexecdir=/usr/lib --without-included-gettext --enable-threads=posix --libdir=/usr/lib --enable-nls --enable-clocale=gnu --enable-libstdcxx-debug --enable-libstdcxx-time=yes --with-default-libstdcxx-abi=new --enable-gnu-unique-object --disable-vtable-verify --enable-plugin --enable-default-pie --with-system-zlib --with-target-system-zlib=auto --enable-objc-gc=auto --enable-multiarch --disable-werror --with-arch-32=i686 --with-abi=m64 --with-multilib-list=m32 m64 mx32 --enable-multilib --with-tune=generic --enable-offload-targets=nvptx-none=/build/gcc-9-9QDOt0/gcc-9-9.4.0/debian/tmp-nvptx/usr hsa --without-cuda-driver --enable-checking=release --build=x86_64-linux-gnu --host=x86_64-linux-gnu --target=x86_64-linux-gnu]
  ignore line: [Thread model: posix]
  ignore line: [gcc version 9.4.0 (Ubuntu 9.4.0-1ubuntu1~20.04.2) ]
  ignore line: [COLLECT_GCC_OPTIONS='-v' '-o' 'CMakeFiles/cmTC_01bc1.dir/CMakeCXXCompilerABI.cpp.o' '-c' '-shared-libgcc' '-mtune=generic' '-march=x86-64']
  ignore line: [ /usr/lib/gcc/x86_64-linux-gnu/9/cc1plus -quiet -v -imultiarch x86_64-linux-gnu -D_GNU_SOURCE /home/yuaii/clion-2022.2.4/bin/cmake/linux/share/cmake-3.23/Modules/CMakeCXXCompilerABI.cpp -quiet -dumpbase CMakeCXXCompilerABI.cpp -mtune=generic -march=x86-64 -auxbase-strip CMakeFiles/cmTC_01bc1.dir/CMakeCXXCompilerABI.cpp.o -version -fasynchronous-unwind-tables -fstack-protector-strong -Wformat -Wformat-security -fstack-clash-protection -fcf-protection -o /tmp/ccPeVesA.s]
  ignore line: [GNU C++14 (Ubuntu 9.4.0-1ubuntu1~20.04.2) version 9.4.0 (x86_64-linux-gnu)]
  ignore line: [	compiled by GNU C version 9.4.0  GMP version 6.2.0  MPFR version 4.0.2  MPC version 1.1.0  isl version isl-0.22.1-GMP]
  ignore line: []
  ignore line: [GGC heuristics: --param ggc-min-expand=100 --param ggc-min-heapsize=131072]
  ignore line: [ignoring duplicate directory "/usr/include/x86_64-linux-gnu/c++/9"]
  ignore line: [ignoring nonexistent directory "/usr/local/include/x86_64-linux-gnu"]
  ignore line: [ignoring nonexistent directory "/usr/lib/gcc/x86_64-linux-gnu/9/include-fixed"]
  ignore line: [ignoring nonexistent directory "/usr/lib/gcc/x86_64-linux-gnu/9/../../../../x86_64-linux-gnu/include"]
  ignore line: [#include "..." search starts here:]
  ignore line: [#include <...> search starts here:]
  ignore line: [ /usr/include/c++/9]
  ignore line: [ /usr/include/x86_64-linux-gnu/c++/9]
  ignore line: [ /usr/include/c++/9/backward]
  ignore line: [ /usr/lib/gcc/x86_64-linux-gnu/9/include]
  ignore line: [ /usr/local/include]
  ignore line: [ /usr/include/x86_64-linux-gnu]
  ignore line: [ /usr/include]
  ignore line: [End of search list.]
  ignore line: [GNU C++14 (Ubuntu 9.4.0-1ubuntu1~20.04.2) version 9.4.0 (x86_64-linux-gnu)]
  ignore line: [	compiled by GNU C version 9.4.0  GMP version 6.2.0  MPFR version 4.0.2  MPC version 1.1.0  isl version isl-0.22.1-GMP]
  ignore line: []
  ignore line: [GGC heuristics: --param ggc-min-expand=100 --param ggc-min-heapsize=131072]
  ignore line: [Compiler executable checksum: 3d1eba838554fa2348dba760e4770469]
  ignore line: [COLLECT_GCC_OPTIONS='-v' '-o' 'CMakeFiles/cmTC_01bc1.dir/CMakeCXXCompilerABI.cpp.o' '-c' '-shared-libgcc' '-mtune=generic' '-march=x86-64']
  ignore line: [ as -v --64 -o CMakeFiles/cmTC_01bc1.dir/CMakeCXXCompilerABI.cpp.o /tmp/ccPeVesA.s]
  ignore line: [GNU assembler version 2.34 (x86_64-linux-gnu) using BFD version (GNU Binutils for Ubuntu) 2.34]
  ignore line: [COMPILER_PATH=/usr/lib/gcc/x86_64-linux-gnu/9/:/usr/lib/gcc/x86_64-linux-gnu/9/:/usr/lib/gcc/x86_64-linux-gnu/:/usr/lib/gcc/x86_64-linux-gnu/9/:/usr/lib/gcc/x86_64-linux-gnu/]
  ignore line: [LIBRARY_PATH=/usr/lib/gcc/x86_64-linux-gnu/9/:/usr/lib/gcc/x86_64-linux-gnu/9/../../../x86_64-linux-gnu/:/usr/lib/gcc/x86_64-linux-gnu/9/../../../../lib/:/lib/x86_64-linux-gnu/:/lib/../lib/:/usr/lib/x86_64-linux-gnu/:/usr/lib/../lib/:/usr/lib/gcc/x86_64-linux-gnu/9/../../../:/lib/:/usr/lib/]
  ignore line: [COLLECT_GCC_OPTIONS='-v' '-o' 'CMakeFiles/cmTC_01bc1.dir/CMakeCXXCompilerABI.cpp.o' '-c' '-shared-libgcc' '-mtune=generic' '-march=x86-64']
  ignore line: [[2/2] Linking CXX executable cmTC_01bc1]
  ignore line: [Using built-in specs.]
  ignore line: [COLLECT_GCC=/usr/bin/c++]
  ignore line: [COLLECT_LTO_WRAPPER=/usr/lib/gcc/x86_64-linux-gnu/9/lto-wrapper]
  ignore line: [OFFLOAD_TARGET_NAMES=nvptx-none:hsa]
  ignore line: [OFFLOAD_TARGET_DEFAULT=1]
  ignore line: [Target: x86_64-linux-gnu]
  ignore line: [Configured with: ../src/configure -v --with-pkgversion='Ubuntu 9.4.0-1ubuntu1~20.04.2' --with-bugurl=file:///usr/share/doc/gcc-9/README.Bugs --enable-languages=c ada c++ go brig d fortran objc obj-c++ gm2 --prefix=/usr --with-gcc-major-version-only --program-suffix=-9 --program-prefix=x86_64-linux-gnu- --enable-shared --enable-linker-build-id --libexecdir=/usr/lib --without-included-gettext --enable-threads=posix --libdir=/usr/lib --enable-nls --enable-clocale=gnu --enable-libstdcxx-debug --enable-libstdcxx-time=yes --with-default-libstdcxx-abi=new --enable-gnu-unique-object --disable-vtable-verify --enable-plugin --enable-default-pie --with-system-zlib --with-target-system-zlib=auto --enable-objc-gc=auto --enable-multiarch --disable-werror --with-arch-32=i686 --with-abi=m64 --with-multilib-list=m32 m64 mx32 --enable-multilib --with-tune=generic --enable-offload-targets=nvptx-none=/build/gcc-9-9QDOt0/gcc-9-9.4.0/debian/tmp-nvptx/usr hsa --without-cuda-driver --enable-checking=release --build=x86_64-linux-gnu --host=x86_64-linux-gnu --target=x86_64-linux-gnu]
  ignore line: [Thread model: posix]
  ignore line: [gcc version 9.4.0 (Ubuntu 9.4.0-1ubuntu1~20.04.2) ]
  ignore line: [COMPILER_PATH=/usr/lib/gcc/x86_64-linux-gnu/9/:/usr/lib/gcc/x86_64-linux-gnu/9/:/usr/lib/gcc/x86_64-linux-gnu/:/usr/lib/gcc/x86_64-linux-gnu/9/:/usr/lib/gcc/x86_64-linux-gnu/]
  ignore line: [LIBRARY_PATH=/usr/lib/gcc/x86_64-linux-gnu/9/:/usr/lib/gcc/x86_64-linux-gnu/9/../../../x86_64-linux-gnu/:/usr/lib/gcc/x86_64-linux-gnu/9/../../../../lib/:/lib/x86_64-linux-gnu/:/lib/../lib/:/usr/lib/x86_64-linux-gnu/:/usr/lib/../lib/:/usr/lib/gcc/x86_64-linux-gnu/9/../../../:/lib/:/usr/lib/]
  ignore line: [COLLECT_GCC_OPTIONS='-v' '-o' 'cmTC_01bc1' '-shared-libgcc' '-mtune=generic' '-march=x86-64']
  link line: [ /usr/lib/gcc/x86_64-linux-gnu/9/collect2 -plugin /usr/lib/gcc/x86_64-linux-gnu/9/liblto_plugin.so -plugin-opt=/usr/lib/gcc/x86_64-linux-gnu/9/lto-wrapper -plugin-opt=-fresolution=/tmp/cc4jldCn.res -plugin-opt=-pass-through=-lgcc_s -plugin-opt=-pass-through=-lgcc -plugin-opt=-pass-through=-lc -plugin-opt=-pass-through=-lgcc_s -plugin-opt=-pass-through=-lgcc --build-id --eh-frame-hdr -m elf_x86_64 --hash-style=gnu --as-needed -dynamic-linker /lib64/ld-linux-x86-64.so.2 -pie -z now -z relro -o cmTC_01bc1 /usr/lib/gcc/x86_64-linux-gnu/9/../../../x86_64-linux-gnu/Scrt1.o /usr/lib/gcc/x86_64-linux-gnu/9/../../../x86_64-linux-gnu/crti.o /usr/lib/gcc/x86_64-linux-gnu/9/crtbeginS.o -L/usr/lib/gcc/x86_64-linux-gnu/9 -L/usr/lib/gcc/x86_64-linux-gnu/9/../../../x86_64-linux-gnu -L/usr/lib/gcc/x86_64-linux-gnu/9/../../../../lib -L/lib/x86_64-linux-gnu -L/lib/../lib -L/usr/lib/x86_64-linux-gnu -L/usr/lib/../lib -L/usr/lib/gcc/x86_64-linux-gnu/9/../../.. CMakeFiles/cmTC_01bc1.dir/CMakeCXXCompilerABI.cpp.o -lstdc++ -lm -lgcc_s -lgcc -lc -lgcc_s -lgcc /usr/lib/gcc/x86_64-linux-gnu/9/crtendS.o /usr/lib/gcc/x86_64-linux-gnu/9/../../../x86_64-linux-gnu/crtn.o]
    arg [/usr/lib/gcc/x86_64-linux-gnu/9/collect2] ==> ignore
    arg [-plugin] ==> ignore
    arg [/usr/lib/gcc/x86_64-linux-gnu/9/liblto_plugin.so] ==> ignore
    arg [-plugin-opt=/usr/lib/gcc/x86_64-linux-gnu/9/lto-wrapper] ==> ignore
    arg [-plugin-opt=-fresolution=/tmp/cc4jldCn.res] ==> ignore
    arg [-plugin-opt=-pass-through=-lgcc_s] ==> ignore
    arg [-plugin-opt=-pass-through=-lgcc] ==> ignore
    arg [-plugin-opt=-pass-through=-lc] ==> ignore
    arg [-plugin-opt=-pass-through=-lgcc_s] ==> ignore
    arg [-plugin-opt=-pass-through=-lgcc] ==> ignore
    arg [--build-id] ==> ignore
    arg [--eh-frame-hdr] ==> ignore
    arg [-m] ==> ignore
    arg [elf_x86_64] ==> ignore
    arg [--hash-style=gnu] ==> ignore
    arg [--as-needed] ==> ignore
    arg [-dynamic-linker] ==> ignore
    arg [/lib64/ld-linux-x86-64.so.2] ==> ignore
    arg [-pie] ==> ignore
    arg [-znow] ==> ignore
    arg [-zrelro] ==> ignore
    arg [-o] ==> ignore
    arg [cmTC_01bc1] ==> ignore
    arg [/usr/lib/gcc/x86_64-linux-gnu/9/../../../x86_64-linux-gnu/Scrt1.o] ==> obj [/usr/lib/gcc/x86_64-linux-gnu/9/../../../x86_64-linux-gnu/Scrt1.o]
    arg [/usr/lib/gcc/x86_64-linux-gnu/9/../../../x86_64-linux-gnu/crti.o] ==> obj [/usr/lib/gcc/x86_64-linux-gnu/9/../../../x86_64-linux-gnu/crti.o]
    arg [/usr/lib/gcc/x86_64-linux-gnu/9/crtbeginS.o] ==> obj [/usr/lib/gcc/x86_64-linux-gnu/9/crtbeginS.o]
    arg [-L/usr/lib/gcc/x86_64-linux-gnu/9] ==> dir [/usr/lib/gcc/x86_64-linux-gnu/9]
    arg [-L/usr/lib/gcc/x86_64-linux-gnu/9/../../../x86_64-linux-gnu] ==> dir [/usr/lib/gcc/x86_64-linux-gnu/9/../../../x86_64-linux-gnu]
    arg [-L/usr/lib/gcc/x86_64-linux-gnu/9/../../../../lib] ==> dir [/usr/lib/gcc/x86_64-linux-gnu/9/../../../../lib]
    arg [-L/lib/x86_64-linux-gnu] ==> dir [/lib/x86_64-linux-gnu]
    arg [-L/lib/../lib] ==> dir [/lib/../lib]
    arg [-L/usr/lib/x86_64-linux-gnu] ==> dir [/usr/lib/x86_64-linux-gnu]
    arg [-L/usr/lib/../lib] ==> dir [/usr/lib/../lib]
    arg [-L/usr/lib/gcc/x86_64-linux-gnu/9/../../..] ==> dir [/usr/lib/gcc/x86_64-linux-gnu/9/../../..]
    arg [CMakeFiles/cmTC_01bc1.dir/CMakeCXXCompilerABI.cpp.o] ==> ignore
    arg [-lstdc++] ==> lib [stdc++]
    arg [-lm] ==> lib [m]
    arg [-lgcc_s] ==> lib [gcc_s]
    arg [-lgcc] ==> lib [gcc]
    arg [-lc] ==> lib [c]
    arg [-lgcc_s] ==> lib [gcc_s]
    arg [-lgcc] ==> lib [gcc]
    arg [/usr/lib/gcc/x86_64-linux-gnu/9/crtendS.o] ==> obj [/usr/lib/gcc/x86_64-linux-gnu/9/crtendS.o]
    arg [/usr/lib/gcc/x86_64-linux-gnu/9/../../../x86_64-linux-gnu/crtn.o] ==> obj [/usr/lib/gcc/x86_64-linux-gnu/9/../../../x86_64-linux-gnu/crtn.o]
  collapse obj [/usr/lib/gcc/x86_64-linux-gnu/9/../../../x86_64-linux-gnu/Scrt1.o] ==> [/usr/lib/x86_64-linux-gnu/Scrt1.o]
  collapse obj [/usr/lib/gcc/x86_64-linux-gnu/9/../../../x86_64-linux-gnu/crti.o] ==> [/usr/lib/x86_64-linux-gnu/crti.o]
  collapse obj [/usr/lib/gcc/x86_64-linux-gnu/9/../../../x86_64-linux-gnu/crtn.o] ==> [/usr/lib/x86_64-linux-gnu/crtn.o]
  collapse library dir [/usr/lib/gcc/x86_64-linux-gnu/9] ==> [/usr/lib/gcc/x86_64-linux-gnu/9]
  collapse library dir [/usr/lib/gcc/x86_64-linux-gnu/9/../../../x86_64-linux-gnu] ==> [/usr/lib/x86_64-linux-gnu]
  collapse library dir [/usr/lib/gcc/x86_64-linux-gnu/9/../../../../lib] ==> [/usr/lib]
  collapse library dir [/lib/x86_64-linux-gnu] ==> [/lib/x86_64-linux-gnu]
  collapse library dir [/lib/../lib] ==> [/lib]
  collapse library dir [/usr/lib/x86_64-linux-gnu] ==> [/usr/lib/x86_64-linux-gnu]
  collapse library dir [/usr/lib/../lib] ==> [/usr/lib]
  collapse library dir [/usr/lib/gcc/x86_64-linux-gnu/9/../../..] ==> [/usr/lib]
  implicit libs: [stdc++;m;gcc_s;gcc;c;gcc_s;gcc]
  implicit objs: [/usr/lib/x86_64-linux-gnu/Scrt1.o;/usr/lib/x86_64-linux-gnu/crti.o;/usr/lib/gcc/x86_64-linux-gnu/9/crtbeginS.o;/usr/lib/gcc/x86_64-linux-gnu/9/crtendS.o;/usr/lib/x86_64-linux-gnu/crtn.o]
  implicit dirs: [/usr/lib/gcc/x86_64-linux-gnu/9;/usr/lib/x86_64-linux-gnu;/usr/lib;/lib/x86_64-linux-gnu;/lib]
  implicit fwks: []


Determining if the include file dlfcn.h exists passed with the following output:
Change Dir: /home/yuaii/ollvm/llvm-project-9.0.1/llvm/cmake-build-release/CMakeFiles/CMakeTmp

Run Build Command(s):/home/yuaii/clion-2022.2.4/bin/ninja/linux/ninja cmTC_604a8 && [1/2] Building C object CMakeFiles/cmTC_604a8.dir/CheckIncludeFile.c.o
[2/2] Linking C executable cmTC_604a8



Determining if the include file errno.h exists passed with the following output:
Change Dir: /home/yuaii/ollvm/llvm-project-9.0.1/llvm/cmake-build-release/CMakeFiles/CMakeTmp

Run Build Command(s):/home/yuaii/clion-2022.2.4/bin/ninja/linux/ninja cmTC_0b2ad && [1/2] Building C object CMakeFiles/cmTC_0b2ad.dir/CheckIncludeFile.c.o
[2/2] Linking C executable cmTC_0b2ad



Determining if the include file fcntl.h exists passed with the following output:
Change Dir: /home/yuaii/ollvm/llvm-project-9.0.1/llvm/cmake-build-release/CMakeFiles/CMakeTmp

Run Build Command(s):/home/yuaii/clion-2022.2.4/bin/ninja/linux/ninja cmTC_64afd && [1/2] Building C object CMakeFiles/cmTC_64afd.dir/CheckIncludeFile.c.o
[2/2] Linking C executable cmTC_64afd



Determining if the include file link.h exists passed with the following output:
Change Dir: /home/yuaii/ollvm/llvm-project-9.0.1/llvm/cmake-build-release/CMakeFiles/CMakeTmp

Run Build Command(s):/home/yuaii/clion-2022.2.4/bin/ninja/linux/ninja cmTC_b68c7 && [1/2] Building C object CMakeFiles/cmTC_b68c7.dir/CheckIncludeFile.c.o
[2/2] Linking C executable cmTC_b68c7



Determining if the include file pthread.h exists passed with the following output:
Change Dir: /home/yuaii/ollvm/llvm-project-9.0.1/llvm/cmake-build-release/CMakeFiles/CMakeTmp

Run Build Command(s):/home/yuaii/clion-2022.2.4/bin/ninja/linux/ninja cmTC_56a40 && [1/2] Building C object CMakeFiles/cmTC_56a40.dir/CheckIncludeFile.c.o
[2/2] Linking C executable cmTC_56a40



Determining if the include file signal.h exists passed with the following output:
Change Dir: /home/yuaii/ollvm/llvm-project-9.0.1/llvm/cmake-build-release/CMakeFiles/CMakeTmp

Run Build Command(s):/home/yuaii/clion-2022.2.4/bin/ninja/linux/ninja cmTC_44fb7 && [1/2] Building C object CMakeFiles/cmTC_44fb7.dir/CheckIncludeFile.c.o
[2/2] Linking C executable cmTC_44fb7



Determining if the include file sys/ioctl.h exists passed with the following output:
Change Dir: /home/yuaii/ollvm/llvm-project-9.0.1/llvm/cmake-build-release/CMakeFiles/CMakeTmp

Run Build Command(s):/home/yuaii/clion-2022.2.4/bin/ninja/linux/ninja cmTC_11cc7 && [1/2] Building C object CMakeFiles/cmTC_11cc7.dir/CheckIncludeFile.c.o
[2/2] Linking C executable cmTC_11cc7



Determining if the include file sys/mman.h exists passed with the following output:
Change Dir: /home/yuaii/ollvm/llvm-project-9.0.1/llvm/cmake-build-release/CMakeFiles/CMakeTmp

Run Build Command(s):/home/yuaii/clion-2022.2.4/bin/ninja/linux/ninja cmTC_db732 && [1/2] Building C object CMakeFiles/cmTC_db732.dir/CheckIncludeFile.c.o
[2/2] Linking C executable cmTC_db732



Determining if the include file sys/param.h exists passed with the following output:
Change Dir: /home/yuaii/ollvm/llvm-project-9.0.1/llvm/cmake-build-release/CMakeFiles/CMakeTmp

Run Build Command(s):/home/yuaii/clion-2022.2.4/bin/ninja/linux/ninja cmTC_d7aa3 && [1/2] Building C object CMakeFiles/cmTC_d7aa3.dir/CheckIncludeFile.c.o
[2/2] Linking C executable cmTC_d7aa3



Determining if the include file sys/resource.h exists passed with the following output:
Change Dir: /home/yuaii/ollvm/llvm-project-9.0.1/llvm/cmake-build-release/CMakeFiles/CMakeTmp

Run Build Command(s):/home/yuaii/clion-2022.2.4/bin/ninja/linux/ninja cmTC_de280 && [1/2] Building C object CMakeFiles/cmTC_de280.dir/CheckIncludeFile.c.o
[2/2] Linking C executable cmTC_de280



Determining if the include file sys/stat.h exists passed with the following output:
Change Dir: /home/yuaii/ollvm/llvm-project-9.0.1/llvm/cmake-build-release/CMakeFiles/CMakeTmp

Run Build Command(s):/home/yuaii/clion-2022.2.4/bin/ninja/linux/ninja cmTC_2c997 && [1/2] Building C object CMakeFiles/cmTC_2c997.dir/CheckIncludeFile.c.o
[2/2] Linking C executable cmTC_2c997



Determining if the include file sys/time.h exists passed with the following output:
Change Dir: /home/yuaii/ollvm/llvm-project-9.0.1/llvm/cmake-build-release/CMakeFiles/CMakeTmp

Run Build Command(s):/home/yuaii/clion-2022.2.4/bin/ninja/linux/ninja cmTC_96011 && [1/2] Building C object CMakeFiles/cmTC_96011.dir/CheckIncludeFile.c.o
[2/2] Linking C executable cmTC_96011



Determining if the include file sys/types.h exists passed with the following output:
Change Dir: /home/yuaii/ollvm/llvm-project-9.0.1/llvm/cmake-build-release/CMakeFiles/CMakeTmp

Run Build Command(s):/home/yuaii/clion-2022.2.4/bin/ninja/linux/ninja cmTC_70bba && [1/2] Building C object CMakeFiles/cmTC_70bba.dir/CheckIncludeFile.c.o
[2/2] Linking C executable cmTC_70bba



Determining if the include file termios.h exists passed with the following output:
Change Dir: /home/yuaii/ollvm/llvm-project-9.0.1/llvm/cmake-build-release/CMakeFiles/CMakeTmp

Run Build Command(s):/home/yuaii/clion-2022.2.4/bin/ninja/linux/ninja cmTC_eca03 && [1/2] Building C object CMakeFiles/cmTC_eca03.dir/CheckIncludeFile.c.o
[2/2] Linking C executable cmTC_eca03



Determining if the include file unistd.h exists passed with the following output:
Change Dir: /home/yuaii/ollvm/llvm-project-9.0.1/llvm/cmake-build-release/CMakeFiles/CMakeTmp

Run Build Command(s):/home/yuaii/clion-2022.2.4/bin/ninja/linux/ninja cmTC_95f44 && [1/2] Building C object CMakeFiles/cmTC_95f44.dir/CheckIncludeFile.c.o
[2/2] Linking C executable cmTC_95f44



Determining if the include file zlib.h exists passed with the following output:
Change Dir: /home/yuaii/ollvm/llvm-project-9.0.1/llvm/cmake-build-release/CMakeFiles/CMakeTmp

Run Build Command(s):/home/yuaii/clion-2022.2.4/bin/ninja/linux/ninja cmTC_46633 && [1/2] Building C object CMakeFiles/cmTC_46633.dir/CheckIncludeFile.c.o
[2/2] Linking C executable cmTC_46633



Determining if the include file fenv.h exists passed with the following output:
Change Dir: /home/yuaii/ollvm/llvm-project-9.0.1/llvm/cmake-build-release/CMakeFiles/CMakeTmp

Run Build Command(s):/home/yuaii/clion-2022.2.4/bin/ninja/linux/ninja cmTC_5162b && [1/2] Building C object CMakeFiles/cmTC_5162b.dir/CheckIncludeFile.c.o
[2/2] Linking C executable cmTC_5162b



Determining if the FE_ALL_EXCEPT exist passed with the following output:
Change Dir: /home/yuaii/ollvm/llvm-project-9.0.1/llvm/cmake-build-release/CMakeFiles/CMakeTmp

Run Build Command(s):/home/yuaii/clion-2022.2.4/bin/ninja/linux/ninja cmTC_190fe && [1/2] Building C object CMakeFiles/cmTC_190fe.dir/CheckSymbolExists.c.o
[2/2] Linking C executable cmTC_190fe


File /home/yuaii/ollvm/llvm-project-9.0.1/llvm/cmake-build-release/CMakeFiles/CMakeTmp/CheckSymbolExists.c:
/* */
#include <fenv.h>

int main(int argc, char** argv)
{
  (void)argv;
#ifndef FE_ALL_EXCEPT
  return ((int*)(&FE_ALL_EXCEPT))[argc];
#else
  (void)argc;
  return 0;
#endif
}
Determining if the FE_INEXACT exist passed with the following output:
Change Dir: /home/yuaii/ollvm/llvm-project-9.0.1/llvm/cmake-build-release/CMakeFiles/CMakeTmp

Run Build Command(s):/home/yuaii/clion-2022.2.4/bin/ninja/linux/ninja cmTC_f2b90 && [1/2] Building C object CMakeFiles/cmTC_f2b90.dir/CheckSymbolExists.c.o
[2/2] Linking C executable cmTC_f2b90


File /home/yuaii/ollvm/llvm-project-9.0.1/llvm/cmake-build-release/CMakeFiles/CMakeTmp/CheckSymbolExists.c:
/* */
#include <fenv.h>

int main(int argc, char** argv)
{
  (void)argv;
#ifndef FE_INEXACT
  return ((int*)(&FE_INEXACT))[argc];
#else
  (void)argc;
  return 0;
#endif
}
Determining if the include file linux/magic.h exists passed with the following output:
Change Dir: /home/yuaii/ollvm/llvm-project-9.0.1/llvm/cmake-build-release/CMakeFiles/CMakeTmp

Run Build Command(s):/home/yuaii/clion-2022.2.4/bin/ninja/linux/ninja cmTC_7d5af && [1/2] Building C object CMakeFiles/cmTC_7d5af.dir/CheckIncludeFile.c.o
[2/2] Linking C executable cmTC_7d5af



Determining if the function pthread_create exists in the pthread passed with the following output:
Change Dir: /home/yuaii/ollvm/llvm-project-9.0.1/llvm/cmake-build-release/CMakeFiles/CMakeTmp

Run Build Command(s):/home/yuaii/clion-2022.2.4/bin/ninja/linux/ninja cmTC_50618 && [1/2] Building C object CMakeFiles/cmTC_50618.dir/CheckFunctionExists.c.o
[2/2] Linking C executable cmTC_50618



Determining if the function pthread_getspecific exists in the pthread passed with the following output:
Change Dir: /home/yuaii/ollvm/llvm-project-9.0.1/llvm/cmake-build-release/CMakeFiles/CMakeTmp

Run Build Command(s):/home/yuaii/clion-2022.2.4/bin/ninja/linux/ninja cmTC_63424 && [1/2] Building C object CMakeFiles/cmTC_63424.dir/CheckFunctionExists.c.o
[2/2] Linking C executable cmTC_63424



Determining if the function pthread_rwlock_init exists in the pthread passed with the following output:
Change Dir: /home/yuaii/ollvm/llvm-project-9.0.1/llvm/cmake-build-release/CMakeFiles/CMakeTmp

Run Build Command(s):/home/yuaii/clion-2022.2.4/bin/ninja/linux/ninja cmTC_8baff && [1/2] Building C object CMakeFiles/cmTC_8baff.dir/CheckFunctionExists.c.o
[2/2] Linking C executable cmTC_8baff



Determining if the function pthread_mutex_lock exists in the pthread passed with the following output:
Change Dir: /home/yuaii/ollvm/llvm-project-9.0.1/llvm/cmake-build-release/CMakeFiles/CMakeTmp

Run Build Command(s):/home/yuaii/clion-2022.2.4/bin/ninja/linux/ninja cmTC_f4eb0 && [1/2] Building C object CMakeFiles/cmTC_f4eb0.dir/CheckFunctionExists.c.o
[2/2] Linking C executable cmTC_f4eb0



Determining if the function dlopen exists in the dl passed with the following output:
Change Dir: /home/yuaii/ollvm/llvm-project-9.0.1/llvm/cmake-build-release/CMakeFiles/CMakeTmp

Run Build Command(s):/home/yuaii/clion-2022.2.4/bin/ninja/linux/ninja cmTC_c381c && [1/2] Building C object CMakeFiles/cmTC_c381c.dir/CheckFunctionExists.c.o
[2/2] Linking C executable cmTC_c381c



Determining if the function clock_gettime exists in the rt passed with the following output:
Change Dir: /home/yuaii/ollvm/llvm-project-9.0.1/llvm/cmake-build-release/CMakeFiles/CMakeTmp

Run Build Command(s):/home/yuaii/clion-2022.2.4/bin/ninja/linux/ninja cmTC_886a8 && [1/2] Building C object CMakeFiles/cmTC_886a8.dir/CheckFunctionExists.c.o
[2/2] Linking C executable cmTC_886a8



Determining if the include file pthread.h exists passed with the following output:
Change Dir: /home/yuaii/ollvm/llvm-project-9.0.1/llvm/cmake-build-release/CMakeFiles/CMakeTmp

Run Build Command(s):/home/yuaii/clion-2022.2.4/bin/ninja/linux/ninja cmTC_b8901 && [1/2] Building C object CMakeFiles/cmTC_b8901.dir/CheckIncludeFile.c.o
[2/2] Linking C executable cmTC_b8901



Determining if the function pthread_create exists in the pthread passed with the following output:
Change Dir: /home/yuaii/ollvm/llvm-project-9.0.1/llvm/cmake-build-release/CMakeFiles/CMakeTmp

Run Build Command(s):/home/yuaii/clion-2022.2.4/bin/ninja/linux/ninja cmTC_05147 && [1/2] Building C object CMakeFiles/cmTC_05147.dir/CheckFunctionExists.c.o
[2/2] Linking C executable cmTC_05147



Determining if the function compress2 exists in the z passed with the following output:
Change Dir: /home/yuaii/ollvm/llvm-project-9.0.1/llvm/cmake-build-release/CMakeFiles/CMakeTmp

Run Build Command(s):/home/yuaii/clion-2022.2.4/bin/ninja/linux/ninja cmTC_8c499 && [1/2] Building C object CMakeFiles/cmTC_8c499.dir/CheckFunctionExists.c.o
[2/2] Linking C executable cmTC_8c499



Determining if the backtrace exist passed with the following output:
Change Dir: /home/yuaii/ollvm/llvm-project-9.0.1/llvm/cmake-build-release/CMakeFiles/CMakeTmp

Run Build Command(s):/home/yuaii/clion-2022.2.4/bin/ninja/linux/ninja cmTC_f3072 && [1/2] Building C object CMakeFiles/cmTC_f3072.dir/CheckSymbolExists.c.o
[2/2] Linking C executable cmTC_f3072


File /home/yuaii/ollvm/llvm-project-9.0.1/llvm/cmake-build-release/CMakeFiles/CMakeTmp/CheckSymbolExists.c:
/* */
#include <execinfo.h>

int main(int argc, char** argv)
{
  (void)argv;
#ifndef backtrace
  return ((int*)(&backtrace))[argc];
#else
  (void)argc;
  return 0;
#endif
}
Determining if the _Unwind_Backtrace exist passed with the following output:
Change Dir: /home/yuaii/ollvm/llvm-project-9.0.1/llvm/cmake-build-release/CMakeFiles/CMakeTmp

Run Build Command(s):/home/yuaii/clion-2022.2.4/bin/ninja/linux/ninja cmTC_acece && [1/2] Building C object CMakeFiles/cmTC_acece.dir/CheckSymbolExists.c.o
[2/2] Linking C executable cmTC_acece


File /home/yuaii/ollvm/llvm-project-9.0.1/llvm/cmake-build-release/CMakeFiles/CMakeTmp/CheckSymbolExists.c:
/* */
#include <unwind.h>

int main(int argc, char** argv)
{
  (void)argv;
#ifndef _Unwind_Backtrace
  return ((int*)(&_Unwind_Backtrace))[argc];
#else
  (void)argc;
  return 0;
#endif
}
Determining if the getpagesize exist passed with the following output:
Change Dir: /home/yuaii/ollvm/llvm-project-9.0.1/llvm/cmake-build-release/CMakeFiles/CMakeTmp

Run Build Command(s):/home/yuaii/clion-2022.2.4/bin/ninja/linux/ninja cmTC_52c14 && [1/2] Building C object CMakeFiles/cmTC_52c14.dir/CheckSymbolExists.c.o
[2/2] Linking C executable cmTC_52c14


File /home/yuaii/ollvm/llvm-project-9.0.1/llvm/cmake-build-release/CMakeFiles/CMakeTmp/CheckSymbolExists.c:
/* */
#include <unistd.h>

int main(int argc, char** argv)
{
  (void)argv;
#ifndef getpagesize
  return ((int*)(&getpagesize))[argc];
#else
  (void)argc;
  return 0;
#endif
}
Determining if the sysconf exist passed with the following output:
Change Dir: /home/yuaii/ollvm/llvm-project-9.0.1/llvm/cmake-build-release/CMakeFiles/CMakeTmp

Run Build Command(s):/home/yuaii/clion-2022.2.4/bin/ninja/linux/ninja cmTC_0eb3f && [1/2] Building C object CMakeFiles/cmTC_0eb3f.dir/CheckSymbolExists.c.o
[2/2] Linking C executable cmTC_0eb3f


File /home/yuaii/ollvm/llvm-project-9.0.1/llvm/cmake-build-release/CMakeFiles/CMakeTmp/CheckSymbolExists.c:
/* */
#include <unistd.h>

int main(int argc, char** argv)
{
  (void)argv;
#ifndef sysconf
  return ((int*)(&sysconf))[argc];
#else
  (void)argc;
  return 0;
#endif
}
Determining if the getrusage exist passed with the following output:
Change Dir: /home/yuaii/ollvm/llvm-project-9.0.1/llvm/cmake-build-release/CMakeFiles/CMakeTmp

Run Build Command(s):/home/yuaii/clion-2022.2.4/bin/ninja/linux/ninja cmTC_75917 && [1/2] Building C object CMakeFiles/cmTC_75917.dir/CheckSymbolExists.c.o
[2/2] Linking C executable cmTC_75917


File /home/yuaii/ollvm/llvm-project-9.0.1/llvm/cmake-build-release/CMakeFiles/CMakeTmp/CheckSymbolExists.c:
/* */
#include <sys/resource.h>

int main(int argc, char** argv)
{
  (void)argv;
#ifndef getrusage
  return ((int*)(&getrusage))[argc];
#else
  (void)argc;
  return 0;
#endif
}
Determining if the setrlimit exist passed with the following output:
Change Dir: /home/yuaii/ollvm/llvm-project-9.0.1/llvm/cmake-build-release/CMakeFiles/CMakeTmp

Run Build Command(s):/home/yuaii/clion-2022.2.4/bin/ninja/linux/ninja cmTC_35030 && [1/2] Building C object CMakeFiles/cmTC_35030.dir/CheckSymbolExists.c.o
[2/2] Linking C executable cmTC_35030


File /home/yuaii/ollvm/llvm-project-9.0.1/llvm/cmake-build-release/CMakeFiles/CMakeTmp/CheckSymbolExists.c:
/* */
#include <sys/resource.h>

int main(int argc, char** argv)
{
  (void)argv;
#ifndef setrlimit
  return ((int*)(&setrlimit))[argc];
#else
  (void)argc;
  return 0;
#endif
}
Determining if the isatty exist passed with the following output:
Change Dir: /home/yuaii/ollvm/llvm-project-9.0.1/llvm/cmake-build-release/CMakeFiles/CMakeTmp

Run Build Command(s):/home/yuaii/clion-2022.2.4/bin/ninja/linux/ninja cmTC_36084 && [1/2] Building C object CMakeFiles/cmTC_36084.dir/CheckSymbolExists.c.o
[2/2] Linking C executable cmTC_36084


File /home/yuaii/ollvm/llvm-project-9.0.1/llvm/cmake-build-release/CMakeFiles/CMakeTmp/CheckSymbolExists.c:
/* */
#include <unistd.h>

int main(int argc, char** argv)
{
  (void)argv;
#ifndef isatty
  return ((int*)(&isatty))[argc];
#else
  (void)argc;
  return 0;
#endif
}
Determining if the futimens exist passed with the following output:
Change Dir: /home/yuaii/ollvm/llvm-project-9.0.1/llvm/cmake-build-release/CMakeFiles/CMakeTmp

Run Build Command(s):/home/yuaii/clion-2022.2.4/bin/ninja/linux/ninja cmTC_0d96f && [1/2] Building C object CMakeFiles/cmTC_0d96f.dir/CheckSymbolExists.c.o
[2/2] Linking C executable cmTC_0d96f


File /home/yuaii/ollvm/llvm-project-9.0.1/llvm/cmake-build-release/CMakeFiles/CMakeTmp/CheckSymbolExists.c:
/* */
#include <sys/stat.h>

int main(int argc, char** argv)
{
  (void)argv;
#ifndef futimens
  return ((int*)(&futimens))[argc];
#else
  (void)argc;
  return 0;
#endif
}
Determining if the futimes exist passed with the following output:
Change Dir: /home/yuaii/ollvm/llvm-project-9.0.1/llvm/cmake-build-release/CMakeFiles/CMakeTmp

Run Build Command(s):/home/yuaii/clion-2022.2.4/bin/ninja/linux/ninja cmTC_70a1c && [1/2] Building C object CMakeFiles/cmTC_70a1c.dir/CheckSymbolExists.c.o
[2/2] Linking C executable cmTC_70a1c


File /home/yuaii/ollvm/llvm-project-9.0.1/llvm/cmake-build-release/CMakeFiles/CMakeTmp/CheckSymbolExists.c:
/* */
#include <sys/time.h>

int main(int argc, char** argv)
{
  (void)argv;
#ifndef futimes
  return ((int*)(&futimes))[argc];
#else
  (void)argc;
  return 0;
#endif
}
Determining if the posix_fallocate exist passed with the following output:
Change Dir: /home/yuaii/ollvm/llvm-project-9.0.1/llvm/cmake-build-release/CMakeFiles/CMakeTmp

Run Build Command(s):/home/yuaii/clion-2022.2.4/bin/ninja/linux/ninja cmTC_46d97 && [1/2] Building C object CMakeFiles/cmTC_46d97.dir/CheckSymbolExists.c.o
[2/2] Linking C executable cmTC_46d97


File /home/yuaii/ollvm/llvm-project-9.0.1/llvm/cmake-build-release/CMakeFiles/CMakeTmp/CheckSymbolExists.c:
/* */
#include <fcntl.h>

int main(int argc, char** argv)
{
  (void)argv;
#ifndef posix_fallocate
  return ((int*)(&posix_fallocate))[argc];
#else
  (void)argc;
  return 0;
#endif
}
Determining if the sigaltstack exist passed with the following output:
Change Dir: /home/yuaii/ollvm/llvm-project-9.0.1/llvm/cmake-build-release/CMakeFiles/CMakeTmp

Run Build Command(s):/home/yuaii/clion-2022.2.4/bin/ninja/linux/ninja cmTC_7b777 && [1/2] Building C object CMakeFiles/cmTC_7b777.dir/CheckSymbolExists.c.o
[2/2] Linking C executable cmTC_7b777


File /home/yuaii/ollvm/llvm-project-9.0.1/llvm/cmake-build-release/CMakeFiles/CMakeTmp/CheckSymbolExists.c:
/* */
#include <signal.h>

int main(int argc, char** argv)
{
  (void)argv;
#ifndef sigaltstack
  return ((int*)(&sigaltstack))[argc];
#else
  (void)argc;
  return 0;
#endif
}
Determining if the lseek64 exist passed with the following output:
Change Dir: /home/yuaii/ollvm/llvm-project-9.0.1/llvm/cmake-build-release/CMakeFiles/CMakeTmp

Run Build Command(s):/home/yuaii/clion-2022.2.4/bin/ninja/linux/ninja cmTC_137fc && [1/2] Building C object CMakeFiles/cmTC_137fc.dir/CheckSymbolExists.c.o
[2/2] Linking C executable cmTC_137fc


File /home/yuaii/ollvm/llvm-project-9.0.1/llvm/cmake-build-release/CMakeFiles/CMakeTmp/CheckSymbolExists.c:
/* */
#include <sys/types.h>
#include <unistd.h>

int main(int argc, char** argv)
{
  (void)argv;
#ifndef lseek64
  return ((int*)(&lseek64))[argc];
#else
  (void)argc;
  return 0;
#endif
}
Determining if the mallinfo exist passed with the following output:
Change Dir: /home/yuaii/ollvm/llvm-project-9.0.1/llvm/cmake-build-release/CMakeFiles/CMakeTmp

Run Build Command(s):/home/yuaii/clion-2022.2.4/bin/ninja/linux/ninja cmTC_84565 && [1/2] Building C object CMakeFiles/cmTC_84565.dir/CheckSymbolExists.c.o
[2/2] Linking C executable cmTC_84565


File /home/yuaii/ollvm/llvm-project-9.0.1/llvm/cmake-build-release/CMakeFiles/CMakeTmp/CheckSymbolExists.c:
/* */
#include <malloc.h>

int main(int argc, char** argv)
{
  (void)argv;
#ifndef mallinfo
  return ((int*)(&mallinfo))[argc];
#else
  (void)argc;
  return 0;
#endif
}
Determining if the getrlimit exist passed with the following output:
Change Dir: /home/yuaii/ollvm/llvm-project-9.0.1/llvm/cmake-build-release/CMakeFiles/CMakeTmp

Run Build Command(s):/home/yuaii/clion-2022.2.4/bin/ninja/linux/ninja cmTC_e99b0 && [1/2] Building C object CMakeFiles/cmTC_e99b0.dir/CheckSymbolExists.c.o
[2/2] Linking C executable cmTC_e99b0


File /home/yuaii/ollvm/llvm-project-9.0.1/llvm/cmake-build-release/CMakeFiles/CMakeTmp/CheckSymbolExists.c:
/* */
#include <sys/types.h>
#include <sys/time.h>
#include <sys/resource.h>

int main(int argc, char** argv)
{
  (void)argv;
#ifndef getrlimit
  return ((int*)(&getrlimit))[argc];
#else
  (void)argc;
  return 0;
#endif
}
Determining if the posix_spawn exist passed with the following output:
Change Dir: /home/yuaii/ollvm/llvm-project-9.0.1/llvm/cmake-build-release/CMakeFiles/CMakeTmp

Run Build Command(s):/home/yuaii/clion-2022.2.4/bin/ninja/linux/ninja cmTC_dc0e2 && [1/2] Building C object CMakeFiles/cmTC_dc0e2.dir/CheckSymbolExists.c.o
[2/2] Linking C executable cmTC_dc0e2


File /home/yuaii/ollvm/llvm-project-9.0.1/llvm/cmake-build-release/CMakeFiles/CMakeTmp/CheckSymbolExists.c:
/* */
#include <spawn.h>

int main(int argc, char** argv)
{
  (void)argv;
#ifndef posix_spawn
  return ((int*)(&posix_spawn))[argc];
#else
  (void)argc;
  return 0;
#endif
}
Determining if the pread exist passed with the following output:
Change Dir: /home/yuaii/ollvm/llvm-project-9.0.1/llvm/cmake-build-release/CMakeFiles/CMakeTmp

Run Build Command(s):/home/yuaii/clion-2022.2.4/bin/ninja/linux/ninja cmTC_14c9f && [1/2] Building C object CMakeFiles/cmTC_14c9f.dir/CheckSymbolExists.c.o
[2/2] Linking C executable cmTC_14c9f


File /home/yuaii/ollvm/llvm-project-9.0.1/llvm/cmake-build-release/CMakeFiles/CMakeTmp/CheckSymbolExists.c:
/* */
#include <unistd.h>

int main(int argc, char** argv)
{
  (void)argv;
#ifndef pread
  return ((int*)(&pread))[argc];
#else
  (void)argc;
  return 0;
#endif
}
Determining if the sbrk exist passed with the following output:
Change Dir: /home/yuaii/ollvm/llvm-project-9.0.1/llvm/cmake-build-release/CMakeFiles/CMakeTmp

Run Build Command(s):/home/yuaii/clion-2022.2.4/bin/ninja/linux/ninja cmTC_d085f && [1/2] Building C object CMakeFiles/cmTC_d085f.dir/CheckSymbolExists.c.o
[2/2] Linking C executable cmTC_d085f


File /home/yuaii/ollvm/llvm-project-9.0.1/llvm/cmake-build-release/CMakeFiles/CMakeTmp/CheckSymbolExists.c:
/* */
#include <unistd.h>

int main(int argc, char** argv)
{
  (void)argv;
#ifndef sbrk
  return ((int*)(&sbrk))[argc];
#else
  (void)argc;
  return 0;
#endif
}
Determining if the strerror exist passed with the following output:
Change Dir: /home/yuaii/ollvm/llvm-project-9.0.1/llvm/cmake-build-release/CMakeFiles/CMakeTmp

Run Build Command(s):/home/yuaii/clion-2022.2.4/bin/ninja/linux/ninja cmTC_8223a && [1/2] Building C object CMakeFiles/cmTC_8223a.dir/CheckSymbolExists.c.o
[2/2] Linking C executable cmTC_8223a


File /home/yuaii/ollvm/llvm-project-9.0.1/llvm/cmake-build-release/CMakeFiles/CMakeTmp/CheckSymbolExists.c:
/* */
#include <string.h>

int main(int argc, char** argv)
{
  (void)argv;
#ifndef strerror
  return ((int*)(&strerror))[argc];
#else
  (void)argc;
  return 0;
#endif
}
Determining if the strerror_r exist passed with the following output:
Change Dir: /home/yuaii/ollvm/llvm-project-9.0.1/llvm/cmake-build-release/CMakeFiles/CMakeTmp

Run Build Command(s):/home/yuaii/clion-2022.2.4/bin/ninja/linux/ninja cmTC_6901a && [1/2] Building C object CMakeFiles/cmTC_6901a.dir/CheckSymbolExists.c.o
[2/2] Linking C executable cmTC_6901a


File /home/yuaii/ollvm/llvm-project-9.0.1/llvm/cmake-build-release/CMakeFiles/CMakeTmp/CheckSymbolExists.c:
/* */
#include <string.h>

int main(int argc, char** argv)
{
  (void)argv;
#ifndef strerror_r
  return ((int*)(&strerror_r))[argc];
#else
  (void)argc;
  return 0;
#endif
}
Determining if the setenv exist passed with the following output:
Change Dir: /home/yuaii/ollvm/llvm-project-9.0.1/llvm/cmake-build-release/CMakeFiles/CMakeTmp

Run Build Command(s):/home/yuaii/clion-2022.2.4/bin/ninja/linux/ninja cmTC_f9199 && [1/2] Building C object CMakeFiles/cmTC_f9199.dir/CheckSymbolExists.c.o
[2/2] Linking C executable cmTC_f9199


File /home/yuaii/ollvm/llvm-project-9.0.1/llvm/cmake-build-release/CMakeFiles/CMakeTmp/CheckSymbolExists.c:
/* */
#include <stdlib.h>

int main(int argc, char** argv)
{
  (void)argv;
#ifndef setenv
  return ((int*)(&setenv))[argc];
#else
  (void)argc;
  return 0;
#endif
}
Determining if the dlopen exist passed with the following output:
Change Dir: /home/yuaii/ollvm/llvm-project-9.0.1/llvm/cmake-build-release/CMakeFiles/CMakeTmp

Run Build Command(s):/home/yuaii/clion-2022.2.4/bin/ninja/linux/ninja cmTC_c63dd && [1/2] Building C object CMakeFiles/cmTC_c63dd.dir/CheckSymbolExists.c.o
[2/2] Linking C executable cmTC_c63dd


File /home/yuaii/ollvm/llvm-project-9.0.1/llvm/cmake-build-release/CMakeFiles/CMakeTmp/CheckSymbolExists.c:
/* */
#include <dlfcn.h>

int main(int argc, char** argv)
{
  (void)argv;
#ifndef dlopen
  return ((int*)(&dlopen))[argc];
#else
  (void)argc;
  return 0;
#endif
}
Performing C SOURCE FILE Test HAVE_STRUCT_STAT_ST_MTIM_TV_NSEC succeeded with the following output:
Change Dir: /home/yuaii/ollvm/llvm-project-9.0.1/llvm/cmake-build-release/CMakeFiles/CMakeTmp

Run Build Command(s):/home/yuaii/clion-2022.2.4/bin/ninja/linux/ninja cmTC_fe4dd && [1/2] Building C object CMakeFiles/cmTC_fe4dd.dir/src.c.o
[2/2] Linking C executable cmTC_fe4dd


Source file was:

#include <sys/types.h>
#include <sys/stat.h>

int main()
{
  (void)sizeof(((struct stat *)0)->st_mtim.tv_nsec);
  return 0;
}

Determining if the __GLIBC__ exist passed with the following output:
Change Dir: /home/yuaii/ollvm/llvm-project-9.0.1/llvm/cmake-build-release/CMakeFiles/CMakeTmp

Run Build Command(s):/home/yuaii/clion-2022.2.4/bin/ninja/linux/ninja cmTC_7e32e && [1/2] Building C object CMakeFiles/cmTC_7e32e.dir/CheckSymbolExists.c.o
[2/2] Linking C executable cmTC_7e32e


File /home/yuaii/ollvm/llvm-project-9.0.1/llvm/cmake-build-release/CMakeFiles/CMakeTmp/CheckSymbolExists.c:
/* */
#include <stdio.h>

int main(int argc, char** argv)
{
  (void)argv;
#ifndef __GLIBC__
  return ((int*)(&__GLIBC__))[argc];
#else
  (void)argc;
  return 0;
#endif
}
Determining if the sched_getaffinity exist passed with the following output:
Change Dir: /home/yuaii/ollvm/llvm-project-9.0.1/llvm/cmake-build-release/CMakeFiles/CMakeTmp

Run Build Command(s):/home/yuaii/clion-2022.2.4/bin/ninja/linux/ninja cmTC_05e6f && [1/2] Building C object CMakeFiles/cmTC_05e6f.dir/CheckSymbolExists.c.o
[2/2] Linking C executable cmTC_05e6f


File /home/yuaii/ollvm/llvm-project-9.0.1/llvm/cmake-build-release/CMakeFiles/CMakeTmp/CheckSymbolExists.c:
/* */
#include <sched.h>

int main(int argc, char** argv)
{
  (void)argv;
#ifndef sched_getaffinity
  return ((int*)(&sched_getaffinity))[argc];
#else
  (void)argc;
  return 0;
#endif
}
Determining if the CPU_COUNT exist passed with the following output:
Change Dir: /home/yuaii/ollvm/llvm-project-9.0.1/llvm/cmake-build-release/CMakeFiles/CMakeTmp

Run Build Command(s):/home/yuaii/clion-2022.2.4/bin/ninja/linux/ninja cmTC_11ff0 && [1/2] Building C object CMakeFiles/cmTC_11ff0.dir/CheckSymbolExists.c.o
[2/2] Linking C executable cmTC_11ff0


File /home/yuaii/ollvm/llvm-project-9.0.1/llvm/cmake-build-release/CMakeFiles/CMakeTmp/CheckSymbolExists.c:
/* */
#include <sched.h>

int main(int argc, char** argv)
{
  (void)argv;
#ifndef CPU_COUNT
  return ((int*)(&CPU_COUNT))[argc];
#else
  (void)argc;
  return 0;
#endif
}
Determining if the pthread_getname_np exist passed with the following output:
Change Dir: /home/yuaii/ollvm/llvm-project-9.0.1/llvm/cmake-build-release/CMakeFiles/CMakeTmp

Run Build Command(s):/home/yuaii/clion-2022.2.4/bin/ninja/linux/ninja cmTC_abfeb && [1/2] Building C object CMakeFiles/cmTC_abfeb.dir/CheckSymbolExists.c.o
[2/2] Linking C executable cmTC_abfeb


File /home/yuaii/ollvm/llvm-project-9.0.1/llvm/cmake-build-release/CMakeFiles/CMakeTmp/CheckSymbolExists.c:
/* */
#include <pthread.h>

int main(int argc, char** argv)
{
  (void)argv;
#ifndef pthread_getname_np
  return ((int*)(&pthread_getname_np))[argc];
#else
  (void)argc;
  return 0;
#endif
}
Determining if the pthread_setname_np exist passed with the following output:
Change Dir: /home/yuaii/ollvm/llvm-project-9.0.1/llvm/cmake-build-release/CMakeFiles/CMakeTmp

Run Build Command(s):/home/yuaii/clion-2022.2.4/bin/ninja/linux/ninja cmTC_ea60a && [1/2] Building C object CMakeFiles/cmTC_ea60a.dir/CheckSymbolExists.c.o
[2/2] Linking C executable cmTC_ea60a


File /home/yuaii/ollvm/llvm-project-9.0.1/llvm/cmake-build-release/CMakeFiles/CMakeTmp/CheckSymbolExists.c:
/* */
#include <pthread.h>

int main(int argc, char** argv)
{
  (void)argv;
#ifndef pthread_setname_np
  return ((int*)(&pthread_setname_np))[argc];
#else
  (void)argc;
  return 0;
#endif
}
Performing C++ SOURCE FILE Test HAVE_STD_IS_TRIVIALLY_COPYABLE succeeded with the following output:
Change Dir: /home/yuaii/ollvm/llvm-project-9.0.1/llvm/cmake-build-release/CMakeFiles/CMakeTmp

Run Build Command(s):/home/yuaii/clion-2022.2.4/bin/ninja/linux/ninja cmTC_1dad0 && [1/2] Building CXX object CMakeFiles/cmTC_1dad0.dir/src.cxx.o
[2/2] Linking CXX executable cmTC_1dad0


Source file was:

#include <type_traits>
struct T { int val; };
static_assert(std::is_trivially_copyable<T>::value, "ok");
int main() { return 0;}

Performing C++ SOURCE FILE Test HAVE_CXX_ATOMICS_WITHOUT_LIB succeeded with the following output:
Change Dir: /home/yuaii/ollvm/llvm-project-9.0.1/llvm/cmake-build-release/CMakeFiles/CMakeTmp

Run Build Command(s):/home/yuaii/clion-2022.2.4/bin/ninja/linux/ninja cmTC_a0401 && [1/2] Building CXX object CMakeFiles/cmTC_a0401.dir/src.cxx.o
[2/2] Linking CXX executable cmTC_a0401


Source file was:

#include <atomic>
std::atomic<int> x;
int main() {
  return x;
}

Performing C++ SOURCE FILE Test HAVE_CXX_ATOMICS64_WITHOUT_LIB succeeded with the following output:
Change Dir: /home/yuaii/ollvm/llvm-project-9.0.1/llvm/cmake-build-release/CMakeFiles/CMakeTmp

Run Build Command(s):/home/yuaii/clion-2022.2.4/bin/ninja/linux/ninja cmTC_5c9bb && [1/2] Building CXX object CMakeFiles/cmTC_5c9bb.dir/src.cxx.o
[2/2] Linking CXX executable cmTC_5c9bb


Source file was:

#include <atomic>
#include <cstdint>
std::atomic<uint64_t> x (0);
int main() {
  uint64_t i = x.load(std::memory_order_relaxed);
  return 0;
}

Performing C++ SOURCE FILE Test LLVM_HAS_ATOMICS succeeded with the following output:
Change Dir: /home/yuaii/ollvm/llvm-project-9.0.1/llvm/cmake-build-release/CMakeFiles/CMakeTmp

Run Build Command(s):/home/yuaii/clion-2022.2.4/bin/ninja/linux/ninja cmTC_f275f && [1/2] Building CXX object CMakeFiles/cmTC_f275f.dir/src.cxx.o
[2/2] Linking CXX executable cmTC_f275f


Source file was:

#ifdef _MSC_VER
#include <windows.h>
#endif
int main() {
#ifdef _MSC_VER
        volatile LONG val = 1;
        MemoryBarrier();
        InterlockedCompareExchange(&val, 0, 1);
        InterlockedIncrement(&val);
        InterlockedDecrement(&val);
#else
        volatile unsigned long val = 1;
        __sync_synchronize();
        __sync_val_compare_and_swap(&val, 1, 0);
        __sync_add_and_fetch(&val, 1);
        __sync_sub_and_fetch(&val, 1);
#endif
        return 0;
      }

Performing C++ SOURCE FILE Test SUPPORTS_VARIADIC_MACROS_FLAG succeeded with the following output:
Change Dir: /home/yuaii/ollvm/llvm-project-9.0.1/llvm/cmake-build-release/CMakeFiles/CMakeTmp

Run Build Command(s):/home/yuaii/clion-2022.2.4/bin/ninja/linux/ninja cmTC_39e30 && [1/2] Building CXX object CMakeFiles/cmTC_39e30.dir/src.cxx.o
[2/2] Linking CXX executable cmTC_39e30


Source file was:
int main() { return 0; }
Performing C++ SOURCE FILE Test HAS_MAYBE_UNINITIALIZED succeeded with the following output:
Change Dir: /home/yuaii/ollvm/llvm-project-9.0.1/llvm/cmake-build-release/CMakeFiles/CMakeTmp

Run Build Command(s):/home/yuaii/clion-2022.2.4/bin/ninja/linux/ninja cmTC_0bfcd && [1/2] Building CXX object CMakeFiles/cmTC_0bfcd.dir/src.cxx.o
[2/2] Linking CXX executable cmTC_0bfcd


Source file was:
int main() { return 0; }
Performing C SOURCE FILE Test C_SUPPORTS_FPIC succeeded with the following output:
Change Dir: /home/yuaii/ollvm/llvm-project-9.0.1/llvm/cmake-build-release/CMakeFiles/CMakeTmp

Run Build Command(s):/home/yuaii/clion-2022.2.4/bin/ninja/linux/ninja cmTC_b686f && [1/2] Building C object CMakeFiles/cmTC_b686f.dir/src.c.o
[2/2] Linking C executable cmTC_b686f


Source file was:
int main(void) { return 0; }
Performing C++ SOURCE FILE Test CXX_SUPPORTS_FPIC succeeded with the following output:
Change Dir: /home/yuaii/ollvm/llvm-project-9.0.1/llvm/cmake-build-release/CMakeFiles/CMakeTmp

Run Build Command(s):/home/yuaii/clion-2022.2.4/bin/ninja/linux/ninja cmTC_79485 && [1/2] Building CXX object CMakeFiles/cmTC_79485.dir/src.cxx.o
[2/2] Linking CXX executable cmTC_79485


Source file was:
int main() { return 0; }
Performing C++ SOURCE FILE Test SUPPORTS_FVISIBILITY_INLINES_HIDDEN_FLAG succeeded with the following output:
Change Dir: /home/yuaii/ollvm/llvm-project-9.0.1/llvm/cmake-build-release/CMakeFiles/CMakeTmp

Run Build Command(s):/home/yuaii/clion-2022.2.4/bin/ninja/linux/ninja cmTC_c2e51 && [1/2] Building CXX object CMakeFiles/cmTC_c2e51.dir/src.cxx.o
[2/2] Linking CXX executable cmTC_c2e51


Source file was:
int main() { return 0; }
Performing C SOURCE FILE Test C_SUPPORTS_WERROR_DATE_TIME succeeded with the following output:
Change Dir: /home/yuaii/ollvm/llvm-project-9.0.1/llvm/cmake-build-release/CMakeFiles/CMakeTmp

Run Build Command(s):/home/yuaii/clion-2022.2.4/bin/ninja/linux/ninja cmTC_6e83f && [1/2] Building C object CMakeFiles/cmTC_6e83f.dir/src.c.o
[2/2] Linking C executable cmTC_6e83f


Source file was:
int main(void) { return 0; }
Performing C++ SOURCE FILE Test CXX_SUPPORTS_WERROR_DATE_TIME succeeded with the following output:
Change Dir: /home/yuaii/ollvm/llvm-project-9.0.1/llvm/cmake-build-release/CMakeFiles/CMakeTmp

Run Build Command(s):/home/yuaii/clion-2022.2.4/bin/ninja/linux/ninja cmTC_5237e && [1/2] Building CXX object CMakeFiles/cmTC_5237e.dir/src.cxx.o
[2/2] Linking CXX executable cmTC_5237e


Source file was:
int main() { return 0; }
Performing C++ SOURCE FILE Test CXX_SUPPORTS_CXX_STD succeeded with the following output:
Change Dir: /home/yuaii/ollvm/llvm-project-9.0.1/llvm/cmake-build-release/CMakeFiles/CMakeTmp

Run Build Command(s):/home/yuaii/clion-2022.2.4/bin/ninja/linux/ninja cmTC_4e6c9 && [1/2] Building CXX object CMakeFiles/cmTC_4e6c9.dir/src.cxx.o
[2/2] Linking CXX executable cmTC_4e6c9


Source file was:
int main() { return 0; }
Performing C++ SOURCE FILE Test CXX_SUPPORTS_MISSING_FIELD_INITIALIZERS_FLAG succeeded with the following output:
Change Dir: /home/yuaii/ollvm/llvm-project-9.0.1/llvm/cmake-build-release/CMakeFiles/CMakeTmp

Run Build Command(s):/home/yuaii/clion-2022.2.4/bin/ninja/linux/ninja cmTC_2a713 && [1/2] Building CXX object CMakeFiles/cmTC_2a713.dir/src.cxx.o
[2/2] Linking CXX executable cmTC_2a713


Source file was:
int main() { return 0; }
Performing C SOURCE FILE Test C_SUPPORTS_IMPLICIT_FALLTHROUGH_FLAG succeeded with the following output:
Change Dir: /home/yuaii/ollvm/llvm-project-9.0.1/llvm/cmake-build-release/CMakeFiles/CMakeTmp

Run Build Command(s):/home/yuaii/clion-2022.2.4/bin/ninja/linux/ninja cmTC_53dcd && [1/2] Building C object CMakeFiles/cmTC_53dcd.dir/src.c.o
[2/2] Linking C executable cmTC_53dcd


Source file was:
int main(void) { return 0; }
Performing C++ SOURCE FILE Test CXX_SUPPORTS_IMPLICIT_FALLTHROUGH_FLAG succeeded with the following output:
Change Dir: /home/yuaii/ollvm/llvm-project-9.0.1/llvm/cmake-build-release/CMakeFiles/CMakeTmp

Run Build Command(s):/home/yuaii/clion-2022.2.4/bin/ninja/linux/ninja cmTC_79d4d && [1/2] Building CXX object CMakeFiles/cmTC_79d4d.dir/src.cxx.o
[2/2] Linking CXX executable cmTC_79d4d


Source file was:
int main() { return 0; }
Performing C++ SOURCE FILE Test CXX_SUPPORTS_CLASS_MEMACCESS_FLAG succeeded with the following output:
Change Dir: /home/yuaii/ollvm/llvm-project-9.0.1/llvm/cmake-build-release/CMakeFiles/CMakeTmp

Run Build Command(s):/home/yuaii/clion-2022.2.4/bin/ninja/linux/ninja cmTC_73224 && [1/2] Building CXX object CMakeFiles/cmTC_73224.dir/src.cxx.o
[2/2] Linking CXX executable cmTC_73224


Source file was:
int main() { return 0; }
Performing C++ SOURCE FILE Test CXX_SUPPORTS_NOEXCEPT_TYPE_FLAG succeeded with the following output:
Change Dir: /home/yuaii/ollvm/llvm-project-9.0.1/llvm/cmake-build-release/CMakeFiles/CMakeTmp

Run Build Command(s):/home/yuaii/clion-2022.2.4/bin/ninja/linux/ninja cmTC_173b1 && [1/2] Building CXX object CMakeFiles/cmTC_173b1.dir/src.cxx.o
[2/2] Linking CXX executable cmTC_173b1


Source file was:
int main() { return 0; }
Performing C++ SOURCE FILE Test CXX_SUPPORTS_DELETE_NON_VIRTUAL_DTOR_FLAG succeeded with the following output:
Change Dir: /home/yuaii/ollvm/llvm-project-9.0.1/llvm/cmake-build-release/CMakeFiles/CMakeTmp

Run Build Command(s):/home/yuaii/clion-2022.2.4/bin/ninja/linux/ninja cmTC_cda6c && [1/2] Building CXX object CMakeFiles/cmTC_cda6c.dir/src.cxx.o
[2/2] Linking CXX executable cmTC_cda6c


Source file was:
int main() { return 0; }
Performing C SOURCE FILE Test C_SUPPORTS_FNO_FUNCTION_SECTIONS succeeded with the following output:
Change Dir: /home/yuaii/ollvm/llvm-project-9.0.1/llvm/cmake-build-release/CMakeFiles/CMakeTmp

Run Build Command(s):/home/yuaii/clion-2022.2.4/bin/ninja/linux/ninja cmTC_2d900 && [1/2] Building C object CMakeFiles/cmTC_2d900.dir/src.c.o
[2/2] Linking C executable cmTC_2d900


Source file was:
int main(void) { return 0; }
Performing C SOURCE FILE Test C_SUPPORTS_FFUNCTION_SECTIONS succeeded with the following output:
Change Dir: /home/yuaii/ollvm/llvm-project-9.0.1/llvm/cmake-build-release/CMakeFiles/CMakeTmp

Run Build Command(s):/home/yuaii/clion-2022.2.4/bin/ninja/linux/ninja cmTC_55bbb && [1/2] Building C object CMakeFiles/cmTC_55bbb.dir/src.c.o
[2/2] Linking C executable cmTC_55bbb


Source file was:
int main(void) { return 0; }
Performing C++ SOURCE FILE Test CXX_SUPPORTS_FFUNCTION_SECTIONS succeeded with the following output:
Change Dir: /home/yuaii/ollvm/llvm-project-9.0.1/llvm/cmake-build-release/CMakeFiles/CMakeTmp

Run Build Command(s):/home/yuaii/clion-2022.2.4/bin/ninja/linux/ninja cmTC_cc9e5 && [1/2] Building CXX object CMakeFiles/cmTC_cc9e5.dir/src.cxx.o
[2/2] Linking CXX executable cmTC_cc9e5


Source file was:
int main() { return 0; }
Performing C SOURCE FILE Test C_SUPPORTS_FDATA_SECTIONS succeeded with the following output:
Change Dir: /home/yuaii/ollvm/llvm-project-9.0.1/llvm/cmake-build-release/CMakeFiles/CMakeTmp

Run Build Command(s):/home/yuaii/clion-2022.2.4/bin/ninja/linux/ninja cmTC_5fce2 && [1/2] Building C object CMakeFiles/cmTC_5fce2.dir/src.c.o
[2/2] Linking C executable cmTC_5fce2


Source file was:
int main(void) { return 0; }
Performing C++ SOURCE FILE Test CXX_SUPPORTS_FDATA_SECTIONS succeeded with the following output:
Change Dir: /home/yuaii/ollvm/llvm-project-9.0.1/llvm/cmake-build-release/CMakeFiles/CMakeTmp

Run Build Command(s):/home/yuaii/clion-2022.2.4/bin/ninja/linux/ninja cmTC_cb752 && [1/2] Building CXX object CMakeFiles/cmTC_cb752.dir/src.cxx.o
[2/2] Linking CXX executable cmTC_cb752


Source file was:
int main() { return 0; }
Determining if the include file sys/resource.h exists passed with the following output:
Change Dir: /home/yuaii/ollvm/llvm-project-9.0.1/llvm/cmake-build-release/CMakeFiles/CMakeTmp

Run Build Command(s):/home/yuaii/clion-2022.2.4/bin/ninja/linux/ninja cmTC_deada && [1/2] Building C object CMakeFiles/cmTC_deada.dir/CheckIncludeFile.c.o
[2/2] Linking C executable cmTC_deada



Determining if files sys/inotify.h exist passed with the following output:
Change Dir: /home/yuaii/ollvm/llvm-project-9.0.1/llvm/cmake-build-release/CMakeFiles/CMakeTmp

Run Build Command(s):/home/yuaii/clion-2022.2.4/bin/ninja/linux/ninja cmTC_401cb && [1/2] Building C object CMakeFiles/cmTC_401cb.dir/HAVE_INOTIFY.c.o
[2/2] Linking C executable cmTC_401cb



Performing C++ SOURCE FILE Test HAVE_CXX_FLAG_STD_CXX11 succeeded with the following output:
Change Dir: /home/yuaii/ollvm/llvm-project-9.0.1/llvm/cmake-build-release/CMakeFiles/CMakeTmp

Run Build Command(s):/home/yuaii/clion-2022.2.4/bin/ninja/linux/ninja cmTC_03317 && [1/2] Building CXX object CMakeFiles/cmTC_03317.dir/src.cxx.o
[2/2] Linking CXX executable cmTC_03317


Source file was:
int main() { return 0; }
Performing C++ SOURCE FILE Test HAVE_CXX_FLAG_WALL succeeded with the following output:
Change Dir: /home/yuaii/ollvm/llvm-project-9.0.1/llvm/cmake-build-release/CMakeFiles/CMakeTmp

Run Build Command(s):/home/yuaii/clion-2022.2.4/bin/ninja/linux/ninja cmTC_cf44f && [1/2] Building CXX object CMakeFiles/cmTC_cf44f.dir/src.cxx.o
[2/2] Linking CXX executable cmTC_cf44f


Source file was:
int main() { return 0; }
Performing C++ SOURCE FILE Test HAVE_CXX_FLAG_WEXTRA succeeded with the following output:
Change Dir: /home/yuaii/ollvm/llvm-project-9.0.1/llvm/cmake-build-release/CMakeFiles/CMakeTmp

Run Build Command(s):/home/yuaii/clion-2022.2.4/bin/ninja/linux/ninja cmTC_cd283 && [1/2] Building CXX object CMakeFiles/cmTC_cd283.dir/src.cxx.o
[2/2] Linking CXX executable cmTC_cd283


Source file was:
int main() { return 0; }
Performing C++ SOURCE FILE Test HAVE_CXX_FLAG_WSHADOW succeeded with the following output:
Change Dir: /home/yuaii/ollvm/llvm-project-9.0.1/llvm/cmake-build-release/CMakeFiles/CMakeTmp

Run Build Command(s):/home/yuaii/clion-2022.2.4/bin/ninja/linux/ninja cmTC_afc77 && [1/2] Building CXX object CMakeFiles/cmTC_afc77.dir/src.cxx.o
[2/2] Linking CXX executable cmTC_afc77


Source file was:
int main() { return 0; }
Performing C++ SOURCE FILE Test HAVE_CXX_FLAG_PEDANTIC succeeded with the following output:
Change Dir: /home/yuaii/ollvm/llvm-project-9.0.1/llvm/cmake-build-release/CMakeFiles/CMakeTmp

Run Build Command(s):/home/yuaii/clion-2022.2.4/bin/ninja/linux/ninja cmTC_db5ab && [1/2] Building CXX object CMakeFiles/cmTC_db5ab.dir/src.cxx.o
[2/2] Linking CXX executable cmTC_db5ab


Source file was:
int main() { return 0; }
Performing C++ SOURCE FILE Test HAVE_CXX_FLAG_PEDANTIC_ERRORS succeeded with the following output:
Change Dir: /home/yuaii/ollvm/llvm-project-9.0.1/llvm/cmake-build-release/CMakeFiles/CMakeTmp

Run Build Command(s):/home/yuaii/clion-2022.2.4/bin/ninja/linux/ninja cmTC_c569e && [1/2] Building CXX object CMakeFiles/cmTC_c569e.dir/src.cxx.o
[2/2] Linking CXX executable cmTC_c569e


Source file was:
int main() { return 0; }
Performing C++ SOURCE FILE Test HAVE_CXX_FLAG_WFLOAT_EQUAL succeeded with the following output:
Change Dir: /home/yuaii/ollvm/llvm-project-9.0.1/llvm/cmake-build-release/CMakeFiles/CMakeTmp

Run Build Command(s):/home/yuaii/clion-2022.2.4/bin/ninja/linux/ninja cmTC_28cef && [1/2] Building CXX object CMakeFiles/cmTC_28cef.dir/src.cxx.o
[2/2] Linking CXX executable cmTC_28cef


Source file was:
int main() { return 0; }
Performing C++ SOURCE FILE Test HAVE_CXX_FLAG_FSTRICT_ALIASING succeeded with the following output:
Change Dir: /home/yuaii/ollvm/llvm-project-9.0.1/llvm/cmake-build-release/CMakeFiles/CMakeTmp

Run Build Command(s):/home/yuaii/clion-2022.2.4/bin/ninja/linux/ninja cmTC_6e295 && [1/2] Building CXX object CMakeFiles/cmTC_6e295.dir/src.cxx.o
[2/2] Linking CXX executable cmTC_6e295


Source file was:
int main() { return 0; }
Performing C++ SOURCE FILE Test HAVE_CXX_FLAG_FNO_EXCEPTIONS succeeded with the following output:
Change Dir: /home/yuaii/ollvm/llvm-project-9.0.1/llvm/cmake-build-release/CMakeFiles/CMakeTmp

Run Build Command(s):/home/yuaii/clion-2022.2.4/bin/ninja/linux/ninja cmTC_40c6e && [1/2] Building CXX object CMakeFiles/cmTC_40c6e.dir/src.cxx.o
[2/2] Linking CXX executable cmTC_40c6e


Source file was:
int main() { return 0; }
Performing C++ SOURCE FILE Test HAVE_CXX_FLAG_WSTRICT_ALIASING succeeded with the following output:
Change Dir: /home/yuaii/ollvm/llvm-project-9.0.1/llvm/cmake-build-release/CMakeFiles/CMakeTmp

Run Build Command(s):/home/yuaii/clion-2022.2.4/bin/ninja/linux/ninja cmTC_868f4 && [1/2] Building CXX object CMakeFiles/cmTC_868f4.dir/src.cxx.o
[2/2] Linking CXX executable cmTC_868f4


Source file was:
int main() { return 0; }
Performing C++ SOURCE FILE Test HAVE_CXX_FLAG_COVERAGE succeeded with the following output:
Change Dir: /home/yuaii/ollvm/llvm-project-9.0.1/llvm/cmake-build-release/CMakeFiles/CMakeTmp

Run Build Command(s):/home/yuaii/clion-2022.2.4/bin/ninja/linux/ninja cmTC_ca6f7 && [1/2] Building CXX object CMakeFiles/cmTC_ca6f7.dir/src.cxx.o
[2/2] Linking CXX executable cmTC_ca6f7


Source file was:
int main() { return 0; }
